DEPRECATION WARNING: ActiveRecord::Base.raise_in_transactional_callbacks= is deprecated, has no effect and will be removed without replacement. (called from <top (required)> at /Users/appacademy/Desktop/app-academy/curriculum/html-css/projects/aa_times/skeleton/config/environment.rb:5)
DEPRECATION WARNING: Passing #original_exception is deprecated and has no effect. Exceptions will automatically capture the original exception. (called from require at /Users/appacademy/Desktop/app-academy/curriculum/html-css/projects/aa_times/skeleton/bin/rails:9)
DEPRECATION WARNING: ActiveRecord::Base.raise_in_transactional_callbacks= is deprecated, has no effect and will be removed without replacement. (called from require at /Users/appacademy/Desktop/app-academy/curriculum/html-css/projects/aa_times/skeleton/bin/rails:9)
  [1m[35m (6.2ms)[0m  [1m[35mCREATE TABLE "schema_migrations" ("version" varchar NOT NULL PRIMARY KEY)[0m
  [1m[35m (2.7ms)[0m  [1m[35mCREATE TABLE "ar_internal_metadata" ("key" varchar NOT NULL PRIMARY KEY, "value" varchar, "created_at" datetime NOT NULL, "updated_at" datetime NOT NULL)[0m
  [1m[36mActiveRecord::InternalMetadata Load (0.3ms)[0m  [1m[34mSELECT  "ar_internal_metadata".* FROM "ar_internal_metadata" WHERE "ar_internal_metadata"."key" = ? LIMIT ?[0m  [["key", "environment"], ["LIMIT", 1]]
  [1m[35m (0.1ms)[0m  [1m[36mbegin transaction[0m
  [1m[35mSQL (0.5ms)[0m  [1m[32mINSERT INTO "ar_internal_metadata" ("key", "value", "created_at", "updated_at") VALUES (?, ?, ?, ?)[0m  [["key", "environment"], ["value", "development"], ["created_at", "2018-05-08 13:28:35.437337"], ["updated_at", "2018-05-08 13:28:35.437337"]]
  [1m[35m (2.2ms)[0m  [1m[36mcommit transaction[0m
  [1m[36mActiveRecord::SchemaMigration Load (0.1ms)[0m  [1m[34mSELECT "schema_migrations".* FROM "schema_migrations"[0m
Started GET "/" for ::1 at 2018-05-08 09:29:10 -0400
DEPRECATION WARNING: ActiveRecord::Base.raise_in_transactional_callbacks= is deprecated, has no effect and will be removed without replacement. (called from block (3 levels) in <class:Railtie> at /usr/local/var/rbenv/versions/2.3.1/lib/ruby/gems/2.3.0/gems/activerecord-5.0.7/lib/active_record/railtie.rb:113)
Processing by StaticPagesController#index as HTML
  Rendering static_pages/index.html.erb within layouts/application
  Rendered shared/_main_nav.html.erb (0.7ms)
  Rendered shared/_masthead.html.erb (0.5ms)
  Rendered shared/_sections_nav.html.erb (0.9ms)
  Rendered shared/_search_modal.html.erb (0.5ms)
  Rendered shared/_main_content.html.erb (0.4ms)
  Rendered static_pages/index.html.erb within layouts/application (32.0ms)
Completed 200 OK in 817ms (Views: 810.1ms | ActiveRecord: 0.0ms)


Started GET "/assets/components/dropdown.self-815016af6fab1d5b72abd319213bf62f0c42bab2c585d2e059543ae704a0d74c.js?body=1" for ::1 at 2018-05-08 09:29:11 -0400
Started GET "/assets/components/modal.self-52188644dbb47def5ee35ae02e69eb567ca9b664472357a8a5789dd39032a265.js?body=1" for ::1 at 2018-05-08 09:29:11 -0400
Started GET "/assets/components/sidebar.self-2a1277f850a6fa21e1a974ef5152f177ac05516477d5081d593bb137b3d6808b.js?body=1" for ::1 at 2018-05-08 09:29:11 -0400
Started GET "/assets/application.self-f571b9db02bf4ed04c38a6a29072ac382f7d4f47db1fab9817aeadb0d8665235.js?body=1" for ::1 at 2018-05-08 09:29:11 -0400
Started GET "/assets/application.self-b663423749731f7aefc12aab04903643ffbbfafb45fcfb66496adb852614caef.css?body=1" for ::1 at 2018-05-08 09:29:11 -0400
Started GET "/" for ::1 at 2018-09-17 10:55:24 -0700
DEPRECATION WARNING: ActiveRecord::Base.raise_in_transactional_callbacks= is deprecated, has no effect and will be removed without replacement. (called from block (3 levels) in <class:Railtie> at /usr/local/var/rbenv/versions/2.5.0/lib/ruby/gems/2.5.0/gems/activerecord-5.0.7/lib/active_record/railtie.rb:113)
Processing by StaticPagesController#index as HTML
  Rendering static_pages/index.html.erb within layouts/application
  Rendered shared/_main_nav.html.erb (0.4ms)
  Rendered shared/_masthead.html.erb (0.4ms)
  Rendered shared/_sections_nav.html.erb (0.4ms)
  Rendered shared/_search_modal.html.erb (0.3ms)
  Rendered shared/_main_content.html.erb (0.4ms)
  Rendered static_pages/index.html.erb within layouts/application (19.2ms)
Completed 200 OK in 864ms (Views: 860.8ms | ActiveRecord: 0.0ms)


Started GET "/assets/application.self-0c37fa4a6b15ed40cf154a857e24f22a13b1bd44e23bf6bd5b4c70927336444c.css?body=1" for ::1 at 2018-09-17 10:55:25 -0700
Started GET "/assets/components/modal.self-52188644dbb47def5ee35ae02e69eb567ca9b664472357a8a5789dd39032a265.js?body=1" for ::1 at 2018-09-17 10:55:25 -0700
Started GET "/assets/jquery.self-bd7ddd393353a8d2480a622e80342adf488fb6006d667e8b42e4c0073393abee.js?body=1" for ::1 at 2018-09-17 10:55:25 -0700
Started GET "/assets/components/dropdown.self-815016af6fab1d5b72abd319213bf62f0c42bab2c585d2e059543ae704a0d74c.js?body=1" for ::1 at 2018-09-17 10:55:25 -0700
Started GET "/assets/application.self-f571b9db02bf4ed04c38a6a29072ac382f7d4f47db1fab9817aeadb0d8665235.js?body=1" for ::1 at 2018-09-17 10:55:25 -0700
Started GET "/assets/components/sidebar.self-2a1277f850a6fa21e1a974ef5152f177ac05516477d5081d593bb137b3d6808b.js?body=1" for ::1 at 2018-09-17 10:55:25 -0700
Started GET "/assets/jquery_ujs.self-784a997f6726036b1993eb2217c9cb558e1cbb801c6da88105588c56f13b466a.js?body=1" for ::1 at 2018-09-17 10:55:25 -0700
Started GET "/" for ::1 at 2018-09-17 10:56:04 -0700
Processing by StaticPagesController#index as HTML
  Rendering static_pages/index.html.erb within layouts/application
  Rendered shared/_main_nav.html.erb (0.4ms)
  Rendered shared/_masthead.html.erb (0.3ms)
  Rendered shared/_sections_nav.html.erb (0.2ms)
  Rendered shared/_search_modal.html.erb (0.2ms)
  Rendered shared/_main_content.html.erb (0.4ms)
  Rendered static_pages/index.html.erb within layouts/application (15.0ms)
Completed 200 OK in 38ms (Views: 34.6ms | ActiveRecord: 0.0ms)


Started GET "/" for ::1 at 2018-09-17 11:18:54 -0700
Processing by StaticPagesController#index as HTML
  Rendering static_pages/index.html.erb within layouts/application
  Rendered shared/_main_nav.html.erb (0.7ms)
  Rendered shared/_masthead.html.erb (0.6ms)
  Rendered shared/_sections_nav.html.erb (0.4ms)
  Rendered shared/_search_modal.html.erb (0.5ms)
  Rendered shared/_main_content.html.erb (0.7ms)
  Rendered static_pages/index.html.erb within layouts/application (32.6ms)
Completed 500 Internal Server Error in 202ms (ActiveRecord: 0.0ms)



Sass::SyntaxError - Invalid CSS after "	border-color": expected ";", was ":":
  app/views/layouts/application.html.erb:7:in `_app_views_layouts_application_html_erb__3319906847320719649_70361762395700'

Started POST "/__better_errors/33ffbfcf018994d0/variables" for ::1 at 2018-09-17 11:18:55 -0700
Started GET "/" for ::1 at 2018-09-17 11:27:44 -0700
Processing by StaticPagesController#index as HTML
  Rendering static_pages/index.html.erb within layouts/application
  Rendered shared/_gear_dropdown.html.erb (0.5ms)
  Rendered shared/_main_nav.html.erb (9.6ms)
  Rendered shared/_masthead.html.erb (0.5ms)
  Rendered shared/_sections_nav.html.erb (0.4ms)
  Rendered shared/_search_modal.html.erb (0.5ms)
  Rendered shared/_main_content.html.erb (0.5ms)
  Rendered static_pages/index.html.erb within layouts/application (29.9ms)
Completed 500 Internal Server Error in 147ms (ActiveRecord: 0.0ms)



Sass::SyntaxError - Invalid CSS after "	border-color": expected ";", was ":":
  app/views/layouts/application.html.erb:7:in `_app_views_layouts_application_html_erb__3319906847320719649_70361798941560'

Started POST "/__better_errors/4fbbabaa11c89ba2/variables" for ::1 at 2018-09-17 11:27:44 -0700
Started GET "/" for ::1 at 2018-09-17 11:28:14 -0700
Processing by StaticPagesController#index as HTML
  Rendering static_pages/index.html.erb within layouts/application
  Rendered shared/_gear_dropdown.html.erb (1.5ms)
  Rendered shared/_main_nav.html.erb (5.3ms)
  Rendered shared/_masthead.html.erb (0.3ms)
  Rendered shared/_sections_nav.html.erb (0.3ms)
  Rendered shared/_search_modal.html.erb (0.3ms)
  Rendered shared/_main_content.html.erb (0.2ms)
  Rendered static_pages/index.html.erb within layouts/application (19.8ms)
Completed 200 OK in 247ms (Views: 237.9ms | ActiveRecord: 0.0ms)


Started GET "/assets/application.self-de2f6ecb53b992fd49d899ac31ef8cbb6baae13c60012d1320b826db1fa0a21f.css?body=1" for ::1 at 2018-09-17 11:28:15 -0700
Started GET "/" for ::1 at 2018-09-17 11:29:23 -0700
Processing by StaticPagesController#index as HTML
  Rendering static_pages/index.html.erb within layouts/application
  Rendered shared/_gear_dropdown.html.erb (0.4ms)
  Rendered shared/_main_nav.html.erb (4.1ms)
  Rendered shared/_masthead.html.erb (0.6ms)
  Rendered shared/_sections_nav.html.erb (0.8ms)
  Rendered shared/_search_modal.html.erb (0.3ms)
  Rendered shared/_main_content.html.erb (0.3ms)
  Rendered static_pages/index.html.erb within layouts/application (20.8ms)
Completed 200 OK in 95ms (Views: 87.2ms | ActiveRecord: 0.0ms)


Started GET "/" for ::1 at 2018-09-17 11:32:40 -0700
Processing by StaticPagesController#index as HTML
  Rendering static_pages/index.html.erb within layouts/application
  Rendered shared/_gear_dropdown.html.erb (0.3ms)
  Rendered shared/_main_nav.html.erb (3.1ms)
  Rendered shared/_masthead.html.erb (0.3ms)
  Rendered shared/_sections_nav.html.erb (0.4ms)
  Rendered shared/_search_modal.html.erb (0.4ms)
  Rendered shared/_main_content.html.erb (0.2ms)
  Rendered static_pages/index.html.erb within layouts/application (17.0ms)
Completed 200 OK in 220ms (Views: 211.5ms | ActiveRecord: 0.0ms)


Started GET "/assets/application.self-c43a6d3ac7d6142cd1caf5a8a1f3d2dc0a9ef32dbaee0f629b5651a6786d75f7.css?body=1" for ::1 at 2018-09-17 11:32:41 -0700
Started GET "/" for ::1 at 2018-09-17 11:37:03 -0700
Processing by StaticPagesController#index as HTML
  Rendering static_pages/index.html.erb within layouts/application
  Rendered shared/_gear_dropdown.html.erb (0.3ms)
  Rendered shared/_main_nav.html.erb (3.1ms)
  Rendered shared/_masthead.html.erb (0.3ms)
  Rendered shared/_sections_nav.html.erb (0.3ms)
  Rendered shared/_search_modal.html.erb (0.4ms)
  Rendered shared/_main_content.html.erb (0.3ms)
  Rendered static_pages/index.html.erb within layouts/application (15.9ms)
Completed 200 OK in 173ms (Views: 164.7ms | ActiveRecord: 0.0ms)


Started GET "/assets/application.self-8121631752aa4d029126412df4178bbb665cce56add85088016d7bc49884f916.css?body=1" for ::1 at 2018-09-17 11:37:03 -0700
Started GET "/" for ::1 at 2018-09-17 11:38:17 -0700
Processing by StaticPagesController#index as HTML
  Rendering static_pages/index.html.erb within layouts/application
  Rendered shared/_gear_dropdown.html.erb (0.4ms)
  Rendered shared/_main_nav.html.erb (3.4ms)
  Rendered shared/_masthead.html.erb (0.4ms)
  Rendered shared/_sections_nav.html.erb (0.4ms)
  Rendered shared/_search_modal.html.erb (0.6ms)
  Rendered shared/_main_content.html.erb (0.3ms)
  Rendered static_pages/index.html.erb within layouts/application (19.3ms)
Completed 200 OK in 118ms (Views: 115.9ms | ActiveRecord: 0.0ms)


Started GET "/assets/application.self-9d9be9ee7d6ec7a6b2256c5734c8d45d3fad81162cf5dabf71deb3e0b4411480.css?body=1" for ::1 at 2018-09-17 11:38:18 -0700
Started GET "/" for ::1 at 2018-09-17 11:39:58 -0700
Processing by StaticPagesController#index as HTML
  Rendering static_pages/index.html.erb within layouts/application
  Rendered shared/_gear_dropdown.html.erb (0.2ms)
  Rendered shared/_main_nav.html.erb (2.2ms)
  Rendered shared/_masthead.html.erb (0.6ms)
  Rendered shared/_sections_nav.html.erb (0.3ms)
  Rendered shared/_search_modal.html.erb (0.2ms)
  Rendered shared/_main_content.html.erb (0.4ms)
  Rendered static_pages/index.html.erb within layouts/application (14.4ms)
Completed 200 OK in 161ms (Views: 153.6ms | ActiveRecord: 0.0ms)


Started GET "/assets/application.self-bcc89295fe0a9b662103ac58ae44d036f10bc7e562bdba7071e221f824c78d10.css?body=1" for ::1 at 2018-09-17 11:39:59 -0700
Started GET "/" for ::1 at 2018-09-17 11:40:09 -0700
Processing by StaticPagesController#index as HTML
  Rendering static_pages/index.html.erb within layouts/application
  Rendered shared/_gear_dropdown.html.erb (0.5ms)
  Rendered shared/_main_nav.html.erb (3.7ms)
  Rendered shared/_masthead.html.erb (0.4ms)
  Rendered shared/_sections_nav.html.erb (0.8ms)
  Rendered shared/_search_modal.html.erb (0.3ms)
  Rendered shared/_main_content.html.erb (0.4ms)
  Rendered static_pages/index.html.erb within layouts/application (19.8ms)
Completed 200 OK in 124ms (Views: 120.2ms | ActiveRecord: 0.0ms)


Started GET "/assets/application.self-c0b5ffd1da3bd58ffa004606f56d4b49cab381652c31741c9706901990d38cc4.css?body=1" for ::1 at 2018-09-17 11:40:10 -0700
Started GET "/" for ::1 at 2018-09-17 11:40:45 -0700
Processing by StaticPagesController#index as HTML
  Rendering static_pages/index.html.erb within layouts/application
  Rendered shared/_gear_dropdown.html.erb (0.3ms)
  Rendered shared/_main_nav.html.erb (2.6ms)
  Rendered shared/_masthead.html.erb (0.2ms)
  Rendered shared/_sections_nav.html.erb (0.3ms)
  Rendered shared/_search_modal.html.erb (0.2ms)
  Rendered shared/_main_content.html.erb (0.4ms)
  Rendered static_pages/index.html.erb within layouts/application (15.1ms)
Completed 200 OK in 188ms (Views: 180.5ms | ActiveRecord: 0.0ms)


Started GET "/assets/application.self-f8190f7b74a890182439e04e51f5d7576c06d4043d7aba6af6094f67664d7f6e.css?body=1" for ::1 at 2018-09-17 11:40:45 -0700
Started GET "/" for ::1 at 2018-09-17 11:43:15 -0700
Processing by StaticPagesController#index as HTML
  Rendering static_pages/index.html.erb within layouts/application
  Rendered shared/_gear_dropdown.html.erb (0.4ms)
  Rendered shared/_main_nav.html.erb (4.6ms)
  Rendered shared/_masthead.html.erb (0.3ms)
  Rendered shared/_sections_nav.html.erb (0.6ms)
  Rendered shared/_search_modal.html.erb (0.7ms)
  Rendered shared/_main_content.html.erb (0.3ms)
  Rendered static_pages/index.html.erb within layouts/application (21.4ms)
Completed 500 Internal Server Error in 61ms (ActiveRecord: 0.0ms)



Sass::SyntaxError - Invalid CSS after "  align-items:": expected expression (e.g. 1px, bold), was "}":
  app/views/layouts/application.html.erb:7:in `_app_views_layouts_application_html_erb__3319906847320719649_70361768127120'

Started POST "/__better_errors/0ee8cfaada235ac5/variables" for ::1 at 2018-09-17 11:43:16 -0700
Started GET "/" for ::1 at 2018-09-17 11:43:27 -0700
Processing by StaticPagesController#index as HTML
  Rendering static_pages/index.html.erb within layouts/application
  Rendered shared/_gear_dropdown.html.erb (0.5ms)
  Rendered shared/_main_nav.html.erb (5.5ms)
  Rendered shared/_masthead.html.erb (0.5ms)
  Rendered shared/_sections_nav.html.erb (1.1ms)
  Rendered shared/_search_modal.html.erb (0.5ms)
  Rendered shared/_main_content.html.erb (0.4ms)
  Rendered static_pages/index.html.erb within layouts/application (25.2ms)
Completed 200 OK in 172ms (Views: 167.1ms | ActiveRecord: 0.0ms)


Started GET "/assets/application.self-a0c5f4fe5bb81e4085da10393632dfa4630f7c95fedbf41dfb02945db9df225a.css?body=1" for ::1 at 2018-09-17 11:43:27 -0700
Started GET "/" for ::1 at 2018-09-17 11:44:06 -0700
Processing by StaticPagesController#index as HTML
  Rendering static_pages/index.html.erb within layouts/application
  Rendered shared/_main_nav.html.erb (0.3ms)
  Rendered shared/_masthead.html.erb (0.2ms)
  Rendered shared/_sections_nav.html.erb (0.3ms)
  Rendered shared/_search_modal.html.erb (0.4ms)
  Rendered shared/_main_content.html.erb (0.2ms)
  Rendered static_pages/index.html.erb within layouts/application (12.3ms)
Completed 200 OK in 73ms (Views: 64.8ms | ActiveRecord: 0.0ms)


Started GET "/" for ::1 at 2018-09-17 11:45:21 -0700
Processing by StaticPagesController#index as HTML
  Rendering static_pages/index.html.erb within layouts/application
  Rendered shared/_main_nav.html.erb (0.5ms)
  Rendered shared/_masthead.html.erb (0.4ms)
  Rendered shared/_sections_nav.html.erb (0.3ms)
  Rendered shared/_search_modal.html.erb (0.5ms)
  Rendered shared/_main_content.html.erb (0.3ms)
  Rendered static_pages/index.html.erb within layouts/application (16.1ms)
Completed 200 OK in 212ms (Views: 209.6ms | ActiveRecord: 0.0ms)


Started GET "/assets/application.self-a171c72209b620e58ca26986bc5d14caa3816adede4929a4a8aafd5b462ce931.css?body=1" for ::1 at 2018-09-17 11:45:22 -0700
Started GET "/" for ::1 at 2018-09-17 11:45:23 -0700
Processing by StaticPagesController#index as HTML
  Rendering static_pages/index.html.erb within layouts/application
  Rendered shared/_main_nav.html.erb (0.5ms)
  Rendered shared/_masthead.html.erb (0.5ms)
  Rendered shared/_sections_nav.html.erb (0.5ms)
  Rendered shared/_search_modal.html.erb (0.5ms)
  Rendered shared/_main_content.html.erb (0.5ms)
  Rendered static_pages/index.html.erb within layouts/application (22.3ms)
Completed 200 OK in 50ms (Views: 47.6ms | ActiveRecord: 0.0ms)


Started GET "/" for ::1 at 2018-09-17 11:47:57 -0700
Processing by StaticPagesController#index as HTML
  Rendering static_pages/index.html.erb within layouts/application
  Rendered shared/_main_nav.html.erb (0.3ms)
  Rendered shared/_masthead.html.erb (0.2ms)
  Rendered shared/_sections_nav.html.erb (0.2ms)
  Rendered shared/_search_modal.html.erb (0.8ms)
  Rendered shared/_main_content.html.erb (0.2ms)
  Rendered static_pages/index.html.erb within layouts/application (12.3ms)
Completed 200 OK in 212ms (Views: 205.1ms | ActiveRecord: 0.0ms)


Started GET "/assets/application.self-02a34b9d10f900994ec250683f2f8a91e226a3bec0f041d1b99405c7697a0cde.css?body=1" for ::1 at 2018-09-17 11:47:57 -0700
Started GET "/" for ::1 at 2018-09-17 11:48:45 -0700
Processing by StaticPagesController#index as HTML
  Rendering static_pages/index.html.erb within layouts/application
  Rendered shared/_main_nav.html.erb (0.4ms)
  Rendered shared/_masthead.html.erb (0.2ms)
  Rendered shared/_sections_nav.html.erb (0.4ms)
  Rendered shared/_search_modal.html.erb (0.3ms)
  Rendered shared/_main_content.html.erb (0.2ms)
  Rendered static_pages/index.html.erb within layouts/application (12.8ms)
Completed 200 OK in 193ms (Views: 189.5ms | ActiveRecord: 0.0ms)


Started GET "/assets/application.self-7e7f3a658aafd5c0792c0ec361de622cd597d86ce4580ec3a3d84c74843c0c35.css?body=1" for ::1 at 2018-09-17 11:48:45 -0700
Started GET "/" for ::1 at 2018-09-17 11:49:35 -0700
Processing by StaticPagesController#index as HTML
  Rendering static_pages/index.html.erb within layouts/application
  Rendered shared/_main_nav.html.erb (0.7ms)
  Rendered shared/_masthead.html.erb (0.9ms)
  Rendered shared/_sections_nav.html.erb (0.3ms)
  Rendered shared/_search_modal.html.erb (0.5ms)
  Rendered shared/_main_content.html.erb (0.7ms)
  Rendered static_pages/index.html.erb within layouts/application (23.1ms)
Completed 200 OK in 261ms (Views: 246.1ms | ActiveRecord: 0.0ms)


Started GET "/assets/application.self-763b027c074fd7901477181eb953c9563809a43da8a668e0c4e320658116bf76.css?body=1" for ::1 at 2018-09-17 11:49:36 -0700
Started GET "/" for ::1 at 2018-09-17 11:50:24 -0700
Processing by StaticPagesController#index as HTML
  Rendering static_pages/index.html.erb within layouts/application
  Rendered shared/_main_nav.html.erb (0.3ms)
  Rendered shared/_masthead.html.erb (0.4ms)
  Rendered shared/_sections_nav.html.erb (0.2ms)
  Rendered shared/_search_modal.html.erb (0.2ms)
  Rendered shared/_main_content.html.erb (0.5ms)
  Rendered static_pages/index.html.erb within layouts/application (13.1ms)
Completed 200 OK in 200ms (Views: 197.9ms | ActiveRecord: 0.0ms)


Started GET "/assets/application.self-3d7df676d7b304c22d085916c55f9b562b8fe248c4faf7ad2fc3f5bec5403a5d.css?body=1" for ::1 at 2018-09-17 11:50:24 -0700
Started GET "/" for ::1 at 2018-09-17 11:50:41 -0700
Processing by StaticPagesController#index as HTML
  Rendering static_pages/index.html.erb within layouts/application
  Rendered shared/_main_nav.html.erb (0.6ms)
  Rendered shared/_masthead.html.erb (0.8ms)
  Rendered shared/_sections_nav.html.erb (0.3ms)
  Rendered shared/_search_modal.html.erb (1.0ms)
  Rendered shared/_main_content.html.erb (0.4ms)
  Rendered static_pages/index.html.erb within layouts/application (22.0ms)
Completed 200 OK in 144ms (Views: 142.0ms | ActiveRecord: 0.0ms)


Started GET "/" for ::1 at 2018-09-17 11:51:32 -0700
Processing by StaticPagesController#index as HTML
  Rendering static_pages/index.html.erb within layouts/application
  Rendered shared/_main_nav.html.erb (0.4ms)
  Rendered shared/_masthead.html.erb (0.2ms)
  Rendered shared/_sections_nav.html.erb (0.3ms)
  Rendered shared/_search_modal.html.erb (0.2ms)
  Rendered shared/_main_content.html.erb (0.6ms)
  Rendered static_pages/index.html.erb within layouts/application (12.9ms)
Completed 200 OK in 224ms (Views: 217.2ms | ActiveRecord: 0.0ms)


Started GET "/assets/application.self-e1f8ce33e502d067a62c2f4910632f86a625b46ba5bdbd4e36e0c9ed6cf91c92.css?body=1" for ::1 at 2018-09-17 11:51:32 -0700
Started GET "/" for ::1 at 2018-09-17 11:51:34 -0700
Processing by StaticPagesController#index as HTML
  Rendering static_pages/index.html.erb within layouts/application
  Rendered shared/_main_nav.html.erb (0.6ms)
  Rendered shared/_masthead.html.erb (0.4ms)
  Rendered shared/_sections_nav.html.erb (0.5ms)
  Rendered shared/_search_modal.html.erb (0.5ms)
  Rendered shared/_main_content.html.erb (0.7ms)
  Rendered static_pages/index.html.erb within layouts/application (17.0ms)
Completed 200 OK in 44ms (Views: 41.5ms | ActiveRecord: 0.0ms)


Started GET "/" for ::1 at 2018-09-17 11:51:47 -0700
Processing by StaticPagesController#index as HTML
  Rendering static_pages/index.html.erb within layouts/application
  Rendered shared/_main_nav.html.erb (0.8ms)
  Rendered shared/_masthead.html.erb (0.5ms)
  Rendered shared/_sections_nav.html.erb (0.4ms)
  Rendered shared/_search_modal.html.erb (0.6ms)
  Rendered shared/_main_content.html.erb (0.7ms)
  Rendered static_pages/index.html.erb within layouts/application (22.2ms)
Completed 200 OK in 153ms (Views: 149.0ms | ActiveRecord: 0.0ms)


Started GET "/assets/application.self-f1b9e0e1d996ac8b51e1bd0847eb776c829698b4e8696a8b530fedf37aa91f4f.css?body=1" for ::1 at 2018-09-17 11:51:48 -0700
Started GET "/" for ::1 at 2018-09-17 11:52:10 -0700
Processing by StaticPagesController#index as HTML
  Rendering static_pages/index.html.erb within layouts/application
  Rendered shared/_main_nav.html.erb (0.6ms)
  Rendered shared/_masthead.html.erb (0.4ms)
  Rendered shared/_sections_nav.html.erb (0.4ms)
  Rendered shared/_search_modal.html.erb (0.4ms)
  Rendered shared/_main_content.html.erb (0.7ms)
  Rendered static_pages/index.html.erb within layouts/application (16.2ms)
Completed 200 OK in 131ms (Views: 128.3ms | ActiveRecord: 0.0ms)


Started GET "/assets/application.self-a38d01d9938a6ecae229609acbb20c0e1573b62146db65f3c6396efda12d406d.css?body=1" for ::1 at 2018-09-17 11:52:10 -0700
Started GET "/" for ::1 at 2018-09-17 11:52:23 -0700
Processing by StaticPagesController#index as HTML
  Rendering static_pages/index.html.erb within layouts/application
  Rendered shared/_main_nav.html.erb (0.6ms)
  Rendered shared/_masthead.html.erb (0.3ms)
  Rendered shared/_sections_nav.html.erb (0.2ms)
  Rendered shared/_search_modal.html.erb (0.5ms)
  Rendered shared/_main_content.html.erb (0.3ms)
  Rendered static_pages/index.html.erb within layouts/application (15.5ms)
Completed 200 OK in 134ms (Views: 132.1ms | ActiveRecord: 0.0ms)


Started GET "/assets/application.self-f9f093cfca2b91150bec260c0ef0b497c670aa37bf05be5148250d270eae533b.css?body=1" for ::1 at 2018-09-17 11:52:23 -0700
Started GET "/" for ::1 at 2018-09-17 11:52:36 -0700
Processing by StaticPagesController#index as HTML
  Rendering static_pages/index.html.erb within layouts/application
  Rendered shared/_main_nav.html.erb (0.5ms)
  Rendered shared/_masthead.html.erb (0.4ms)
  Rendered shared/_sections_nav.html.erb (0.4ms)
  Rendered shared/_search_modal.html.erb (0.5ms)
  Rendered shared/_main_content.html.erb (0.3ms)
  Rendered static_pages/index.html.erb within layouts/application (17.4ms)
Completed 200 OK in 47ms (Views: 42.7ms | ActiveRecord: 0.0ms)


Started GET "/" for ::1 at 2018-09-17 11:54:00 -0700
Processing by StaticPagesController#index as HTML
  Rendering static_pages/index.html.erb within layouts/application
  Rendered shared/_main_nav.html.erb (0.3ms)
  Rendered shared/_masthead.html.erb (0.5ms)
  Rendered shared/_sections_nav.html.erb (0.4ms)
  Rendered shared/_search_modal.html.erb (0.5ms)
  Rendered shared/_main_content.html.erb (0.3ms)
  Rendered static_pages/index.html.erb within layouts/application (16.5ms)
Completed 200 OK in 219ms (Views: 216.1ms | ActiveRecord: 0.0ms)


Started GET "/assets/application.self-e29a99610b8eec75b6ba070cf59d28b97c2595692e0f3c2ba0436b7dd35b76f3.css?body=1" for ::1 at 2018-09-17 11:54:00 -0700
Started GET "/" for ::1 at 2018-09-17 11:54:18 -0700
Processing by StaticPagesController#index as HTML
  Rendering static_pages/index.html.erb within layouts/application
  Rendered shared/_main_nav.html.erb (0.6ms)
  Rendered shared/_masthead.html.erb (0.3ms)
  Rendered shared/_sections_nav.html.erb (0.4ms)
  Rendered shared/_search_modal.html.erb (0.4ms)
  Rendered shared/_main_content.html.erb (0.4ms)
  Rendered static_pages/index.html.erb within layouts/application (16.7ms)
Completed 200 OK in 132ms (Views: 128.8ms | ActiveRecord: 0.0ms)


Started GET "/assets/application.self-7eef7cd2decc7d727fb658bfb72b039376941d101b2d7cdfca03aa8e72824d18.css?body=1" for ::1 at 2018-09-17 11:54:18 -0700
Started GET "/" for ::1 at 2018-09-17 11:56:19 -0700
Processing by StaticPagesController#index as HTML
  Rendering static_pages/index.html.erb within layouts/application
  Rendered shared/_main_nav.html.erb (0.6ms)
  Rendered shared/_masthead.html.erb (0.4ms)
  Rendered shared/_sections_nav.html.erb (0.5ms)
  Rendered shared/_search_modal.html.erb (0.5ms)
  Rendered shared/_main_content.html.erb (0.6ms)
  Rendered static_pages/index.html.erb within layouts/application (16.5ms)
Completed 200 OK in 128ms (Views: 124.2ms | ActiveRecord: 0.0ms)


Started GET "/assets/application.self-9bb5c456db7639d9de60367e58649af1b2f33d26e8e68eac6af7a10c4402b737.css?body=1" for ::1 at 2018-09-17 11:56:20 -0700
Started GET "/" for ::1 at 2018-09-17 11:56:44 -0700
Processing by StaticPagesController#index as HTML
  Rendering static_pages/index.html.erb within layouts/application
  Rendered shared/_main_nav.html.erb (0.5ms)
  Rendered shared/_masthead.html.erb (0.4ms)
  Rendered shared/_sections_nav.html.erb (0.3ms)
  Rendered shared/_search_modal.html.erb (0.4ms)
  Rendered shared/_main_content.html.erb (0.3ms)
  Rendered static_pages/index.html.erb within layouts/application (15.1ms)
Completed 200 OK in 122ms (Views: 118.7ms | ActiveRecord: 0.0ms)


Started GET "/assets/application.self-e5e096a710613c1c81c084c14c2852e05a2a480b3fa6cb86b25bed7fc5e91377.css?body=1" for ::1 at 2018-09-17 11:56:45 -0700
Started GET "/" for ::1 at 2018-09-17 11:59:13 -0700
Processing by StaticPagesController#index as HTML
  Rendering static_pages/index.html.erb within layouts/application
  Rendered shared/_main_nav.html.erb (1.1ms)
  Rendered shared/_masthead.html.erb (0.4ms)
  Rendered shared/_sections_nav.html.erb (0.4ms)
  Rendered shared/_search_modal.html.erb (0.4ms)
  Rendered shared/_main_content.html.erb (0.3ms)
  Rendered static_pages/index.html.erb within layouts/application (17.0ms)
Completed 200 OK in 127ms (Views: 123.8ms | ActiveRecord: 0.0ms)


Started GET "/assets/application.self-fb6922b4e1b223085492966bca5c3ae57821858ae44c2797212256cfc8f966b2.css?body=1" for ::1 at 2018-09-17 11:59:13 -0700
Started GET "/" for ::1 at 2018-09-17 11:59:20 -0700
Processing by StaticPagesController#index as HTML
  Rendering static_pages/index.html.erb within layouts/application
  Rendered shared/_main_nav.html.erb (0.6ms)
  Rendered shared/_masthead.html.erb (0.3ms)
  Rendered shared/_sections_nav.html.erb (0.5ms)
  Rendered shared/_search_modal.html.erb (0.2ms)
  Rendered shared/_main_content.html.erb (0.2ms)
  Rendered static_pages/index.html.erb within layouts/application (14.8ms)
Completed 200 OK in 126ms (Views: 122.6ms | ActiveRecord: 0.0ms)


Started GET "/assets/application.self-46bc84a7320bb251cf3acebdb563e046b57923411a85508bfefe5455081237b7.css?body=1" for ::1 at 2018-09-17 11:59:20 -0700
Started GET "/" for ::1 at 2018-09-17 12:02:19 -0700
Processing by StaticPagesController#index as HTML
  Rendering static_pages/index.html.erb within layouts/application
  Rendered shared/_main_nav.html.erb (0.5ms)
  Rendered shared/_masthead.html.erb (0.5ms)
  Rendered shared/_sections_nav.html.erb (0.5ms)
  Rendered shared/_search_modal.html.erb (0.3ms)
  Rendered shared/_main_content.html.erb (0.2ms)
  Rendered static_pages/index.html.erb within layouts/application (20.1ms)
Completed 200 OK in 86ms (Views: 83.2ms | ActiveRecord: 0.0ms)


Started GET "/" for ::1 at 2018-09-17 12:04:11 -0700
Processing by StaticPagesController#index as HTML
  Rendering static_pages/index.html.erb within layouts/application
  Rendered shared/_main_nav.html.erb (0.4ms)
  Rendered shared/_masthead.html.erb (0.5ms)
  Rendered shared/_sections_nav.html.erb (0.4ms)
  Rendered shared/_search_modal.html.erb (0.4ms)
  Rendered shared/_main_content.html.erb (0.3ms)
  Rendered static_pages/index.html.erb within layouts/application (51.0ms)
Completed 200 OK in 338ms (Views: 231.3ms | ActiveRecord: 0.0ms)


Started GET "/" for ::1 at 2018-09-17 12:07:38 -0700
Processing by StaticPagesController#index as HTML
  Rendering static_pages/index.html.erb within layouts/application
  Rendered shared/_main_nav.html.erb (0.5ms)
  Rendered shared/_masthead.html.erb (0.2ms)
  Rendered shared/_sections_nav.html.erb (0.4ms)
  Rendered shared/_search_modal.html.erb (0.3ms)
  Rendered shared/_main_content.html.erb (0.2ms)
  Rendered static_pages/index.html.erb within layouts/application (15.9ms)
Completed 200 OK in 65ms (Views: 62.5ms | ActiveRecord: 0.0ms)


Started GET "/Users/appacademy/Desktop/W5D1/AAtimes/app/assets/images/AA_Times_Logo.png" for ::1 at 2018-09-17 12:07:38 -0700
  
ActionController::RoutingError (No route matches [GET] "/Users/appacademy/Desktop/W5D1/AAtimes/app/assets/images/AA_Times_Logo.png"):
  
actionpack (5.0.7) lib/action_dispatch/middleware/debug_exceptions.rb:53:in `call'
web-console (3.6.2) lib/web_console/middleware.rb:135:in `call_app'
web-console (3.6.2) lib/web_console/middleware.rb:30:in `block in call'
web-console (3.6.2) lib/web_console/middleware.rb:20:in `catch'
web-console (3.6.2) lib/web_console/middleware.rb:20:in `call'
actionpack (5.0.7) lib/action_dispatch/middleware/show_exceptions.rb:31:in `call'
railties (5.0.7) lib/rails/rack/logger.rb:36:in `call_app'
railties (5.0.7) lib/rails/rack/logger.rb:24:in `block in call'
activesupport (5.0.7) lib/active_support/tagged_logging.rb:69:in `block in tagged'
activesupport (5.0.7) lib/active_support/tagged_logging.rb:26:in `tagged'
activesupport (5.0.7) lib/active_support/tagged_logging.rb:69:in `tagged'
railties (5.0.7) lib/rails/rack/logger.rb:24:in `call'
actionpack (5.0.7) lib/action_dispatch/middleware/request_id.rb:24:in `call'
rack (2.0.5) lib/rack/method_override.rb:22:in `call'
rack (2.0.5) lib/rack/runtime.rb:22:in `call'
activesupport (5.0.7) lib/active_support/cache/strategy/local_cache_middleware.rb:28:in `call'
actionpack (5.0.7) lib/action_dispatch/middleware/executor.rb:12:in `call'
rack-livereload (0.3.17) lib/rack/livereload.rb:23:in `_call'
rack-livereload (0.3.17) lib/rack/livereload.rb:14:in `call'
actionpack (5.0.7) lib/action_dispatch/middleware/static.rb:136:in `call'
rack (2.0.5) lib/rack/sendfile.rb:111:in `call'
railties (5.0.7) lib/rails/engine.rb:522:in `call'
puma (3.11.4) lib/puma/configuration.rb:225:in `call'
puma (3.11.4) lib/puma/server.rb:632:in `handle_request'
puma (3.11.4) lib/puma/server.rb:446:in `process_client'
puma (3.11.4) lib/puma/server.rb:306:in `block in run'
puma (3.11.4) lib/puma/thread_pool.rb:120:in `block in spawn_thread'
  Rendering /usr/local/var/rbenv/versions/2.5.0/lib/ruby/gems/2.5.0/gems/actionpack-5.0.7/lib/action_dispatch/middleware/templates/rescues/routing_error.html.erb within rescues/layout
  Rendering /usr/local/var/rbenv/versions/2.5.0/lib/ruby/gems/2.5.0/gems/actionpack-5.0.7/lib/action_dispatch/middleware/templates/rescues/_trace.html.erb
  Rendered /usr/local/var/rbenv/versions/2.5.0/lib/ruby/gems/2.5.0/gems/actionpack-5.0.7/lib/action_dispatch/middleware/templates/rescues/_trace.html.erb (1.4ms)
  Rendered collection of /usr/local/var/rbenv/versions/2.5.0/lib/ruby/gems/2.5.0/gems/actionpack-5.0.7/lib/action_dispatch/middleware/templates/routes/_route.html.erb [1 times] (29.6ms)
  Rendered /usr/local/var/rbenv/versions/2.5.0/lib/ruby/gems/2.5.0/gems/actionpack-5.0.7/lib/action_dispatch/middleware/templates/routes/_table.html.erb (26.4ms)
  Rendering /usr/local/var/rbenv/versions/2.5.0/lib/ruby/gems/2.5.0/gems/actionpack-5.0.7/lib/action_dispatch/middleware/templates/rescues/_request_and_response.html.erb
  Rendered /usr/local/var/rbenv/versions/2.5.0/lib/ruby/gems/2.5.0/gems/actionpack-5.0.7/lib/action_dispatch/middleware/templates/rescues/_request_and_response.html.erb (1.1ms)
  Rendered /usr/local/var/rbenv/versions/2.5.0/lib/ruby/gems/2.5.0/gems/actionpack-5.0.7/lib/action_dispatch/middleware/templates/rescues/routing_error.html.erb within rescues/layout (247.8ms)
Started GET "/" for ::1 at 2018-09-17 12:08:18 -0700
Processing by StaticPagesController#index as HTML
  Rendering static_pages/index.html.erb within layouts/application
  Rendered shared/_main_nav.html.erb (0.8ms)
  Rendered shared/_masthead.html.erb (0.4ms)
  Rendered shared/_sections_nav.html.erb (0.5ms)
  Rendered shared/_search_modal.html.erb (0.5ms)
  Rendered shared/_main_content.html.erb (0.5ms)
  Rendered static_pages/index.html.erb within layouts/application (17.5ms)
Completed 200 OK in 43ms (Views: 40.5ms | ActiveRecord: 0.0ms)


Started GET "/assets/images/AA_Times_Logo.png" for ::1 at 2018-09-17 12:08:18 -0700
  
ActionController::RoutingError (No route matches [GET] "/assets/images/AA_Times_Logo.png"):
  
actionpack (5.0.7) lib/action_dispatch/middleware/debug_exceptions.rb:53:in `call'
web-console (3.6.2) lib/web_console/middleware.rb:135:in `call_app'
web-console (3.6.2) lib/web_console/middleware.rb:30:in `block in call'
web-console (3.6.2) lib/web_console/middleware.rb:20:in `catch'
web-console (3.6.2) lib/web_console/middleware.rb:20:in `call'
actionpack (5.0.7) lib/action_dispatch/middleware/show_exceptions.rb:31:in `call'
railties (5.0.7) lib/rails/rack/logger.rb:36:in `call_app'
railties (5.0.7) lib/rails/rack/logger.rb:24:in `block in call'
activesupport (5.0.7) lib/active_support/tagged_logging.rb:69:in `block in tagged'
activesupport (5.0.7) lib/active_support/tagged_logging.rb:26:in `tagged'
activesupport (5.0.7) lib/active_support/tagged_logging.rb:69:in `tagged'
railties (5.0.7) lib/rails/rack/logger.rb:24:in `call'
actionpack (5.0.7) lib/action_dispatch/middleware/request_id.rb:24:in `call'
rack (2.0.5) lib/rack/method_override.rb:22:in `call'
rack (2.0.5) lib/rack/runtime.rb:22:in `call'
activesupport (5.0.7) lib/active_support/cache/strategy/local_cache_middleware.rb:28:in `call'
actionpack (5.0.7) lib/action_dispatch/middleware/executor.rb:12:in `call'
rack-livereload (0.3.17) lib/rack/livereload.rb:23:in `_call'
rack-livereload (0.3.17) lib/rack/livereload.rb:14:in `call'
actionpack (5.0.7) lib/action_dispatch/middleware/static.rb:136:in `call'
rack (2.0.5) lib/rack/sendfile.rb:111:in `call'
railties (5.0.7) lib/rails/engine.rb:522:in `call'
puma (3.11.4) lib/puma/configuration.rb:225:in `call'
puma (3.11.4) lib/puma/server.rb:632:in `handle_request'
puma (3.11.4) lib/puma/server.rb:446:in `process_client'
puma (3.11.4) lib/puma/server.rb:306:in `block in run'
puma (3.11.4) lib/puma/thread_pool.rb:120:in `block in spawn_thread'
  Rendering /usr/local/var/rbenv/versions/2.5.0/lib/ruby/gems/2.5.0/gems/actionpack-5.0.7/lib/action_dispatch/middleware/templates/rescues/routing_error.html.erb within rescues/layout
  Rendering /usr/local/var/rbenv/versions/2.5.0/lib/ruby/gems/2.5.0/gems/actionpack-5.0.7/lib/action_dispatch/middleware/templates/rescues/_trace.html.erb
  Rendered /usr/local/var/rbenv/versions/2.5.0/lib/ruby/gems/2.5.0/gems/actionpack-5.0.7/lib/action_dispatch/middleware/templates/rescues/_trace.html.erb (1.6ms)
  Rendered collection of /usr/local/var/rbenv/versions/2.5.0/lib/ruby/gems/2.5.0/gems/actionpack-5.0.7/lib/action_dispatch/middleware/templates/routes/_route.html.erb [1 times] (1.8ms)
  Rendered /usr/local/var/rbenv/versions/2.5.0/lib/ruby/gems/2.5.0/gems/actionpack-5.0.7/lib/action_dispatch/middleware/templates/routes/_table.html.erb (1.5ms)
  Rendering /usr/local/var/rbenv/versions/2.5.0/lib/ruby/gems/2.5.0/gems/actionpack-5.0.7/lib/action_dispatch/middleware/templates/rescues/_request_and_response.html.erb
  Rendered /usr/local/var/rbenv/versions/2.5.0/lib/ruby/gems/2.5.0/gems/actionpack-5.0.7/lib/action_dispatch/middleware/templates/rescues/_request_and_response.html.erb (1.3ms)
  Rendered /usr/local/var/rbenv/versions/2.5.0/lib/ruby/gems/2.5.0/gems/actionpack-5.0.7/lib/action_dispatch/middleware/templates/rescues/routing_error.html.erb within rescues/layout (253.4ms)
Started GET "/" for ::1 at 2018-09-17 12:09:22 -0700
Processing by StaticPagesController#index as HTML
  Rendering static_pages/index.html.erb within layouts/application
  Rendered shared/_main_nav.html.erb (0.5ms)
  Rendered shared/_masthead.html.erb (0.6ms)
  Rendered shared/_sections_nav.html.erb (0.4ms)
  Rendered shared/_search_modal.html.erb (0.5ms)
  Rendered shared/_main_content.html.erb (0.4ms)
  Rendered static_pages/index.html.erb within layouts/application (16.2ms)
Completed 200 OK in 39ms (Views: 36.8ms | ActiveRecord: 0.0ms)


Started GET "/assets/images/AA_Times_Logo.png" for ::1 at 2018-09-17 12:09:22 -0700
  
ActionController::RoutingError (No route matches [GET] "/assets/images/AA_Times_Logo.png"):
  
actionpack (5.0.7) lib/action_dispatch/middleware/debug_exceptions.rb:53:in `call'
web-console (3.6.2) lib/web_console/middleware.rb:135:in `call_app'
web-console (3.6.2) lib/web_console/middleware.rb:30:in `block in call'
web-console (3.6.2) lib/web_console/middleware.rb:20:in `catch'
web-console (3.6.2) lib/web_console/middleware.rb:20:in `call'
actionpack (5.0.7) lib/action_dispatch/middleware/show_exceptions.rb:31:in `call'
railties (5.0.7) lib/rails/rack/logger.rb:36:in `call_app'
railties (5.0.7) lib/rails/rack/logger.rb:24:in `block in call'
activesupport (5.0.7) lib/active_support/tagged_logging.rb:69:in `block in tagged'
activesupport (5.0.7) lib/active_support/tagged_logging.rb:26:in `tagged'
activesupport (5.0.7) lib/active_support/tagged_logging.rb:69:in `tagged'
railties (5.0.7) lib/rails/rack/logger.rb:24:in `call'
actionpack (5.0.7) lib/action_dispatch/middleware/request_id.rb:24:in `call'
rack (2.0.5) lib/rack/method_override.rb:22:in `call'
rack (2.0.5) lib/rack/runtime.rb:22:in `call'
activesupport (5.0.7) lib/active_support/cache/strategy/local_cache_middleware.rb:28:in `call'
actionpack (5.0.7) lib/action_dispatch/middleware/executor.rb:12:in `call'
rack-livereload (0.3.17) lib/rack/livereload.rb:23:in `_call'
rack-livereload (0.3.17) lib/rack/livereload.rb:14:in `call'
actionpack (5.0.7) lib/action_dispatch/middleware/static.rb:136:in `call'
rack (2.0.5) lib/rack/sendfile.rb:111:in `call'
railties (5.0.7) lib/rails/engine.rb:522:in `call'
puma (3.11.4) lib/puma/configuration.rb:225:in `call'
puma (3.11.4) lib/puma/server.rb:632:in `handle_request'
puma (3.11.4) lib/puma/server.rb:446:in `process_client'
puma (3.11.4) lib/puma/server.rb:306:in `block in run'
puma (3.11.4) lib/puma/thread_pool.rb:120:in `block in spawn_thread'
  Rendering /usr/local/var/rbenv/versions/2.5.0/lib/ruby/gems/2.5.0/gems/actionpack-5.0.7/lib/action_dispatch/middleware/templates/rescues/routing_error.html.erb within rescues/layout
  Rendering /usr/local/var/rbenv/versions/2.5.0/lib/ruby/gems/2.5.0/gems/actionpack-5.0.7/lib/action_dispatch/middleware/templates/rescues/_trace.html.erb
  Rendered /usr/local/var/rbenv/versions/2.5.0/lib/ruby/gems/2.5.0/gems/actionpack-5.0.7/lib/action_dispatch/middleware/templates/rescues/_trace.html.erb (1.4ms)
  Rendered collection of /usr/local/var/rbenv/versions/2.5.0/lib/ruby/gems/2.5.0/gems/actionpack-5.0.7/lib/action_dispatch/middleware/templates/routes/_route.html.erb [1 times] (2.5ms)
  Rendered /usr/local/var/rbenv/versions/2.5.0/lib/ruby/gems/2.5.0/gems/actionpack-5.0.7/lib/action_dispatch/middleware/templates/routes/_table.html.erb (2.0ms)
  Rendering /usr/local/var/rbenv/versions/2.5.0/lib/ruby/gems/2.5.0/gems/actionpack-5.0.7/lib/action_dispatch/middleware/templates/rescues/_request_and_response.html.erb
  Rendered /usr/local/var/rbenv/versions/2.5.0/lib/ruby/gems/2.5.0/gems/actionpack-5.0.7/lib/action_dispatch/middleware/templates/rescues/_request_and_response.html.erb (1.1ms)
  Rendered /usr/local/var/rbenv/versions/2.5.0/lib/ruby/gems/2.5.0/gems/actionpack-5.0.7/lib/action_dispatch/middleware/templates/rescues/routing_error.html.erb within rescues/layout (248.7ms)
Started GET "/" for ::1 at 2018-09-17 12:10:04 -0700
Processing by StaticPagesController#index as HTML
  Rendering static_pages/index.html.erb within layouts/application
  Rendered shared/_main_nav.html.erb (0.9ms)
  Rendered shared/_masthead.html.erb (0.6ms)
  Rendered shared/_sections_nav.html.erb (0.3ms)
  Rendered shared/_search_modal.html.erb (0.3ms)
  Rendered shared/_main_content.html.erb (0.3ms)
  Rendered static_pages/index.html.erb within layouts/application (29.8ms)
Completed 200 OK in 98ms (Views: 81.3ms | ActiveRecord: 0.0ms)


Started GET "/assets/AA_Times_Logo.png" for ::1 at 2018-09-17 12:10:04 -0700
Started GET "/" for ::1 at 2018-09-17 12:10:42 -0700
Processing by StaticPagesController#index as HTML
  Rendering static_pages/index.html.erb within layouts/application
  Rendered shared/_main_nav.html.erb (0.8ms)
  Rendered shared/_masthead.html.erb (0.5ms)
  Rendered shared/_sections_nav.html.erb (0.5ms)
  Rendered shared/_search_modal.html.erb (0.4ms)
  Rendered shared/_main_content.html.erb (0.3ms)
  Rendered static_pages/index.html.erb within layouts/application (17.7ms)
Completed 200 OK in 46ms (Views: 43.3ms | ActiveRecord: 0.0ms)


Started GET "/assets/AA_Times_Logo.png" for ::1 at 2018-09-17 12:10:42 -0700
Started GET "/users/new" for ::1 at 2018-09-17 14:45:00 -0700
  
ActionController::RoutingError (No route matches [GET] "/users/new"):
  
actionpack (5.0.7) lib/action_dispatch/middleware/debug_exceptions.rb:53:in `call'
web-console (3.6.2) lib/web_console/middleware.rb:135:in `call_app'
web-console (3.6.2) lib/web_console/middleware.rb:30:in `block in call'
web-console (3.6.2) lib/web_console/middleware.rb:20:in `catch'
web-console (3.6.2) lib/web_console/middleware.rb:20:in `call'
actionpack (5.0.7) lib/action_dispatch/middleware/show_exceptions.rb:31:in `call'
railties (5.0.7) lib/rails/rack/logger.rb:36:in `call_app'
railties (5.0.7) lib/rails/rack/logger.rb:24:in `block in call'
activesupport (5.0.7) lib/active_support/tagged_logging.rb:69:in `block in tagged'
activesupport (5.0.7) lib/active_support/tagged_logging.rb:26:in `tagged'
activesupport (5.0.7) lib/active_support/tagged_logging.rb:69:in `tagged'
railties (5.0.7) lib/rails/rack/logger.rb:24:in `call'
actionpack (5.0.7) lib/action_dispatch/middleware/request_id.rb:24:in `call'
rack (2.0.5) lib/rack/method_override.rb:22:in `call'
rack (2.0.5) lib/rack/runtime.rb:22:in `call'
activesupport (5.0.7) lib/active_support/cache/strategy/local_cache_middleware.rb:28:in `call'
actionpack (5.0.7) lib/action_dispatch/middleware/executor.rb:12:in `call'
rack-livereload (0.3.17) lib/rack/livereload.rb:23:in `_call'
rack-livereload (0.3.17) lib/rack/livereload.rb:14:in `call'
actionpack (5.0.7) lib/action_dispatch/middleware/static.rb:136:in `call'
rack (2.0.5) lib/rack/sendfile.rb:111:in `call'
railties (5.0.7) lib/rails/engine.rb:522:in `call'
puma (3.11.4) lib/puma/configuration.rb:225:in `call'
puma (3.11.4) lib/puma/server.rb:632:in `handle_request'
puma (3.11.4) lib/puma/server.rb:446:in `process_client'
puma (3.11.4) lib/puma/server.rb:306:in `block in run'
puma (3.11.4) lib/puma/thread_pool.rb:120:in `block in spawn_thread'
  Rendering /usr/local/var/rbenv/versions/2.5.0/lib/ruby/gems/2.5.0/gems/actionpack-5.0.7/lib/action_dispatch/middleware/templates/rescues/routing_error.html.erb within rescues/layout
  Rendering /usr/local/var/rbenv/versions/2.5.0/lib/ruby/gems/2.5.0/gems/actionpack-5.0.7/lib/action_dispatch/middleware/templates/rescues/_trace.html.erb
  Rendered /usr/local/var/rbenv/versions/2.5.0/lib/ruby/gems/2.5.0/gems/actionpack-5.0.7/lib/action_dispatch/middleware/templates/rescues/_trace.html.erb (3.5ms)
  Rendered collection of /usr/local/var/rbenv/versions/2.5.0/lib/ruby/gems/2.5.0/gems/actionpack-5.0.7/lib/action_dispatch/middleware/templates/routes/_route.html.erb [1 times] (8.3ms)
  Rendered /usr/local/var/rbenv/versions/2.5.0/lib/ruby/gems/2.5.0/gems/actionpack-5.0.7/lib/action_dispatch/middleware/templates/routes/_table.html.erb (3.5ms)
  Rendering /usr/local/var/rbenv/versions/2.5.0/lib/ruby/gems/2.5.0/gems/actionpack-5.0.7/lib/action_dispatch/middleware/templates/rescues/_request_and_response.html.erb
  Rendered /usr/local/var/rbenv/versions/2.5.0/lib/ruby/gems/2.5.0/gems/actionpack-5.0.7/lib/action_dispatch/middleware/templates/rescues/_request_and_response.html.erb (6.6ms)
  Rendered /usr/local/var/rbenv/versions/2.5.0/lib/ruby/gems/2.5.0/gems/actionpack-5.0.7/lib/action_dispatch/middleware/templates/rescues/routing_error.html.erb within rescues/layout (229.3ms)
Started GET "/users/new" for ::1 at 2018-09-17 14:46:38 -0700
  
ActionController::RoutingError (No route matches [GET] "/users/new"):
  
actionpack (5.0.7) lib/action_dispatch/middleware/debug_exceptions.rb:53:in `call'
web-console (3.6.2) lib/web_console/middleware.rb:135:in `call_app'
web-console (3.6.2) lib/web_console/middleware.rb:30:in `block in call'
web-console (3.6.2) lib/web_console/middleware.rb:20:in `catch'
web-console (3.6.2) lib/web_console/middleware.rb:20:in `call'
actionpack (5.0.7) lib/action_dispatch/middleware/show_exceptions.rb:31:in `call'
railties (5.0.7) lib/rails/rack/logger.rb:36:in `call_app'
railties (5.0.7) lib/rails/rack/logger.rb:24:in `block in call'
activesupport (5.0.7) lib/active_support/tagged_logging.rb:69:in `block in tagged'
activesupport (5.0.7) lib/active_support/tagged_logging.rb:26:in `tagged'
activesupport (5.0.7) lib/active_support/tagged_logging.rb:69:in `tagged'
railties (5.0.7) lib/rails/rack/logger.rb:24:in `call'
actionpack (5.0.7) lib/action_dispatch/middleware/request_id.rb:24:in `call'
rack (2.0.5) lib/rack/method_override.rb:22:in `call'
rack (2.0.5) lib/rack/runtime.rb:22:in `call'
activesupport (5.0.7) lib/active_support/cache/strategy/local_cache_middleware.rb:28:in `call'
actionpack (5.0.7) lib/action_dispatch/middleware/executor.rb:12:in `call'
rack-livereload (0.3.17) lib/rack/livereload.rb:23:in `_call'
rack-livereload (0.3.17) lib/rack/livereload.rb:14:in `call'
actionpack (5.0.7) lib/action_dispatch/middleware/static.rb:136:in `call'
rack (2.0.5) lib/rack/sendfile.rb:111:in `call'
railties (5.0.7) lib/rails/engine.rb:522:in `call'
puma (3.11.4) lib/puma/configuration.rb:225:in `call'
puma (3.11.4) lib/puma/server.rb:632:in `handle_request'
puma (3.11.4) lib/puma/server.rb:446:in `process_client'
puma (3.11.4) lib/puma/server.rb:306:in `block in run'
puma (3.11.4) lib/puma/thread_pool.rb:120:in `block in spawn_thread'
  Rendering /usr/local/var/rbenv/versions/2.5.0/lib/ruby/gems/2.5.0/gems/actionpack-5.0.7/lib/action_dispatch/middleware/templates/rescues/routing_error.html.erb within rescues/layout
  Rendering /usr/local/var/rbenv/versions/2.5.0/lib/ruby/gems/2.5.0/gems/actionpack-5.0.7/lib/action_dispatch/middleware/templates/rescues/_trace.html.erb
  Rendered /usr/local/var/rbenv/versions/2.5.0/lib/ruby/gems/2.5.0/gems/actionpack-5.0.7/lib/action_dispatch/middleware/templates/rescues/_trace.html.erb (3.0ms)
  Rendered collection of /usr/local/var/rbenv/versions/2.5.0/lib/ruby/gems/2.5.0/gems/actionpack-5.0.7/lib/action_dispatch/middleware/templates/routes/_route.html.erb [1 times] (2.0ms)
  Rendered /usr/local/var/rbenv/versions/2.5.0/lib/ruby/gems/2.5.0/gems/actionpack-5.0.7/lib/action_dispatch/middleware/templates/routes/_table.html.erb (3.4ms)
  Rendering /usr/local/var/rbenv/versions/2.5.0/lib/ruby/gems/2.5.0/gems/actionpack-5.0.7/lib/action_dispatch/middleware/templates/rescues/_request_and_response.html.erb
  Rendered /usr/local/var/rbenv/versions/2.5.0/lib/ruby/gems/2.5.0/gems/actionpack-5.0.7/lib/action_dispatch/middleware/templates/rescues/_request_and_response.html.erb (4.5ms)
  Rendered /usr/local/var/rbenv/versions/2.5.0/lib/ruby/gems/2.5.0/gems/actionpack-5.0.7/lib/action_dispatch/middleware/templates/rescues/routing_error.html.erb within rescues/layout (208.9ms)
Started GET "/" for ::1 at 2018-09-17 14:59:57 -0700
Processing by StaticPagesController#index as HTML
  Rendering static_pages/index.html.erb within layouts/application
  Rendered shared/_main_nav.html.erb (1.6ms)
  Rendered shared/_masthead.html.erb (0.9ms)
  Rendered shared/_sections_nav.html.erb (0.5ms)
  Rendered shared/_search_modal.html.erb (0.7ms)
  Rendered shared/_main_content.html.erb (1.2ms)
  Rendered static_pages/index.html.erb within layouts/application (39.9ms)
Completed 200 OK in 752ms (Views: 719.9ms | ActiveRecord: 0.0ms)


Started GET "/assets/application.self-46bc84a7320bb251cf3acebdb563e046b57923411a85508bfefe5455081237b7.css?body=1" for ::1 at 2018-09-17 14:59:58 -0700
Started GET "/assets/AA_Times_Logo.png" for ::1 at 2018-09-17 14:59:58 -0700
Started GET "/" for ::1 at 2018-09-17 15:00:27 -0700
Processing by StaticPagesController#index as HTML
  Rendering static_pages/index.html.erb within layouts/application
  Rendered shared/_gear_dropdown.html.erb (0.8ms)
  Rendered shared/_main_nav.html.erb (4.3ms)
  Rendered shared/_masthead.html.erb (0.5ms)
  Rendered shared/_sections_nav.html.erb (0.5ms)
  Rendered shared/_search_modal.html.erb (0.3ms)
  Rendered shared/_main_content.html.erb (0.3ms)
  Rendered static_pages/index.html.erb within layouts/application (19.5ms)
Completed 200 OK in 48ms (Views: 44.8ms | ActiveRecord: 0.0ms)


Started GET "/assets/AA_Times_Logo.png" for ::1 at 2018-09-17 15:00:27 -0700
Started GET "/" for ::1 at 2018-09-17 15:02:46 -0700
Processing by StaticPagesController#index as HTML
  Rendering static_pages/index.html.erb within layouts/application
  Rendered shared/_gear_dropdown.html.erb (1.0ms)
  Rendered shared/_main_nav.html.erb (4.7ms)
  Rendered shared/_masthead.html.erb (0.7ms)
  Rendered shared/_sections_nav.html.erb (0.6ms)
  Rendered shared/_search_modal.html.erb (0.4ms)
  Rendered shared/_main_content.html.erb (0.5ms)
  Rendered static_pages/index.html.erb within layouts/application (32.9ms)
Completed 200 OK in 507ms (Views: 494.0ms | ActiveRecord: 0.0ms)


Started GET "/assets/application.self-52a297d2acba8ba8f743fc33101a0b8fade1de14dd224d2350e18ec8f8e33fb5.css?body=1" for ::1 at 2018-09-17 15:02:47 -0700
Started GET "/assets/AA_Times_Logo.png" for ::1 at 2018-09-17 15:02:47 -0700
Started GET "/" for ::1 at 2018-09-17 15:03:31 -0700
Processing by StaticPagesController#index as HTML
  Rendering static_pages/index.html.erb within layouts/application
  Rendered shared/_gear_dropdown.html.erb (0.3ms)
  Rendered shared/_main_nav.html.erb (2.7ms)
  Rendered shared/_masthead.html.erb (0.6ms)
  Rendered shared/_sections_nav.html.erb (0.4ms)
  Rendered shared/_search_modal.html.erb (0.4ms)
  Rendered shared/_main_content.html.erb (0.2ms)
  Rendered static_pages/index.html.erb within layouts/application (16.9ms)
Completed 200 OK in 592ms (Views: 575.9ms | ActiveRecord: 0.0ms)


Started GET "/assets/AA_Times_Logo.png" for ::1 at 2018-09-17 15:03:32 -0700
Started GET "/" for ::1 at 2018-09-17 15:09:22 -0700
Processing by StaticPagesController#index as HTML
  Rendering static_pages/index.html.erb within layouts/application
  Rendered shared/_gear_dropdown.html.erb (1.5ms)
  Rendered shared/_main_nav.html.erb (8.6ms)
  Rendered shared/_masthead.html.erb (2.4ms)
  Rendered shared/_sections_nav.html.erb (0.9ms)
  Rendered shared/_search_modal.html.erb (0.9ms)
  Rendered shared/_main_content.html.erb (1.3ms)
  Rendered static_pages/index.html.erb within layouts/application (55.7ms)
Completed 200 OK in 554ms (Views: 533.6ms | ActiveRecord: 0.0ms)


Started GET "/assets/AA_Times_Logo.png" for ::1 at 2018-09-17 15:09:23 -0700
Started GET "/assets/application.self-d7252399276dffa617cb7d6829e2b262f6815e4b25d1b58fa4c0749c20f574e6.css?body=1" for ::1 at 2018-09-17 15:09:23 -0700
Started GET "/" for ::1 at 2018-09-17 15:09:24 -0700
Processing by StaticPagesController#index as HTML
  Rendering static_pages/index.html.erb within layouts/application
  Rendered shared/_gear_dropdown.html.erb (0.6ms)
  Rendered shared/_main_nav.html.erb (5.3ms)
  Rendered shared/_masthead.html.erb (0.6ms)
  Rendered shared/_sections_nav.html.erb (0.4ms)
  Rendered shared/_search_modal.html.erb (0.3ms)
  Rendered shared/_main_content.html.erb (0.3ms)
  Rendered static_pages/index.html.erb within layouts/application (21.1ms)
Completed 200 OK in 57ms (Views: 53.0ms | ActiveRecord: 0.0ms)


Started GET "/assets/AA_Times_Logo.png" for ::1 at 2018-09-17 15:09:24 -0700
Started GET "/" for ::1 at 2018-09-17 15:11:20 -0700
Processing by StaticPagesController#index as HTML
  Rendering static_pages/index.html.erb within layouts/application
  Rendered shared/_main_nav.html.erb (0.6ms)
  Rendered shared/_masthead.html.erb (0.6ms)
  Rendered shared/_sections_nav.html.erb (0.2ms)
  Rendered shared/_search_modal.html.erb (0.3ms)
  Rendered shared/_main_content.html.erb (0.9ms)
  Rendered static_pages/index.html.erb within layouts/application (24.4ms)
Completed 200 OK in 104ms (Views: 87.2ms | ActiveRecord: 0.0ms)


Started GET "/assets/AA_Times_Logo.png" for ::1 at 2018-09-17 15:11:20 -0700
Started GET "/" for ::1 at 2018-09-17 15:11:51 -0700
Processing by StaticPagesController#index as HTML
  Rendering static_pages/index.html.erb within layouts/application
  Rendered shared/_main_nav.html.erb (0.5ms)
  Rendered shared/_masthead.html.erb (0.6ms)
  Rendered shared/_sections_nav.html.erb (0.7ms)
  Rendered shared/_search_modal.html.erb (0.5ms)
  Rendered shared/_main_content.html.erb (0.3ms)
  Rendered static_pages/index.html.erb within layouts/application (37.0ms)
Completed 200 OK in 556ms (Views: 529.8ms | ActiveRecord: 0.0ms)


Started GET "/assets/application.self-cc5bf4b44b21c502aa74a7fa460925e1a8393049cf52571603cfe1cb20d80048.css?body=1" for ::1 at 2018-09-17 15:11:51 -0700
Started GET "/assets/AA_Times_Logo.png" for ::1 at 2018-09-17 15:11:51 -0700
Started GET "/" for ::1 at 2018-09-17 15:15:17 -0700
Processing by StaticPagesController#index as HTML
  Rendering static_pages/index.html.erb within layouts/application
  Rendered shared/_main_nav.html.erb (0.5ms)
  Rendered shared/_masthead.html.erb (0.5ms)
  Rendered shared/_sections_nav.html.erb (0.4ms)
  Rendered shared/_search_modal.html.erb (0.4ms)
  Rendered shared/_main_content.html.erb (0.4ms)
  Rendered static_pages/index.html.erb within layouts/application (40.0ms)
Completed 200 OK in 318ms (Views: 302.6ms | ActiveRecord: 0.0ms)


Started GET "/assets/AA_Times_Logo.png" for ::1 at 2018-09-17 15:15:18 -0700
Started GET "/assets/application.self-32dd55d38d5cf7c2f375d2b5c5fbfd0504c6ae9a5eb2e5e7a3cce833413b380b.css?body=1" for ::1 at 2018-09-17 15:15:18 -0700
Started GET "/" for ::1 at 2018-09-17 15:15:49 -0700
Processing by StaticPagesController#index as HTML
  Rendering static_pages/index.html.erb within layouts/application
  Rendered shared/_sections_sidebar.html.erb (0.3ms)
  Rendered shared/_gear_dropdown.html.erb (0.3ms)
  Rendered shared/_main_nav.html.erb (6.4ms)
  Rendered shared/_masthead.html.erb (0.7ms)
  Rendered shared/_sections_nav.html.erb (0.3ms)
  Rendered shared/_search_modal.html.erb (0.2ms)
  Rendered shared/_main_content.html.erb (1.0ms)
  Rendered static_pages/index.html.erb within layouts/application (27.8ms)
Completed 200 OK in 104ms (Views: 76.2ms | ActiveRecord: 0.0ms)


Started GET "/assets/AA_Times_Logo.png" for ::1 at 2018-09-17 15:15:49 -0700
Started GET "/" for ::1 at 2018-09-17 15:16:38 -0700
Processing by StaticPagesController#index as HTML
  Rendering static_pages/index.html.erb within layouts/application
  Rendered shared/_sections_sidebar.html.erb (0.7ms)
  Rendered shared/_gear_dropdown.html.erb (0.3ms)
  Rendered shared/_main_nav.html.erb (6.1ms)
  Rendered shared/_masthead.html.erb (0.6ms)
  Rendered shared/_sections_nav.html.erb (0.3ms)
  Rendered shared/_search_modal.html.erb (0.2ms)
  Rendered shared/_main_content.html.erb (0.4ms)
  Rendered static_pages/index.html.erb within layouts/application (27.1ms)
Completed 200 OK in 499ms (Views: 482.2ms | ActiveRecord: 0.0ms)


Started GET "/assets/AA_Times_Logo.png" for ::1 at 2018-09-17 15:16:39 -0700
Started GET "/assets/application.self-cfb3c4a1cd3c6452016fa1ea0243c0919817e1401ecd695a0593a048dcd4512e.css?body=1" for ::1 at 2018-09-17 15:16:39 -0700
Started GET "/" for ::1 at 2018-09-17 15:18:11 -0700
Processing by StaticPagesController#index as HTML
  Rendering static_pages/index.html.erb within layouts/application
  Rendered shared/_sections_sidebar.html.erb (0.2ms)
  Rendered shared/_main_nav.html.erb (2.6ms)
  Rendered shared/_masthead.html.erb (0.6ms)
  Rendered shared/_sections_nav.html.erb (0.4ms)
  Rendered shared/_search_modal.html.erb (0.5ms)
  Rendered shared/_main_content.html.erb (0.2ms)
  Rendered static_pages/index.html.erb within layouts/application (28.5ms)
Completed 200 OK in 292ms (Views: 275.8ms | ActiveRecord: 0.0ms)


Started GET "/assets/application.self-eb8b1063a5517fb636809adcd1ac44d0a2fcd1b9fa02c265f0de90bb3fd6045d.css?body=1" for ::1 at 2018-09-17 15:18:11 -0700
Started GET "/assets/AA_Times_Logo.png" for ::1 at 2018-09-17 15:18:11 -0700
Started GET "/" for ::1 at 2018-09-17 15:19:28 -0700
Processing by StaticPagesController#index as HTML
  Rendering static_pages/index.html.erb within layouts/application
  Rendered shared/_sections_sidebar.html.erb (0.4ms)
  Rendered shared/_gear_dropdown.html.erb (0.5ms)
  Rendered shared/_main_nav.html.erb (7.4ms)
  Rendered shared/_masthead.html.erb (0.4ms)
  Rendered shared/_sections_nav.html.erb (0.5ms)
  Rendered shared/_search_modal.html.erb (0.3ms)
  Rendered shared/_main_content.html.erb (0.5ms)
  Rendered static_pages/index.html.erb within layouts/application (35.7ms)
Completed 200 OK in 104ms (Views: 98.6ms | ActiveRecord: 0.0ms)


Started GET "/assets/AA_Times_Logo.png" for ::1 at 2018-09-17 15:19:28 -0700
Started GET "/" for ::1 at 2018-09-17 15:19:37 -0700
Processing by StaticPagesController#index as HTML
  Rendering static_pages/index.html.erb within layouts/application
  Rendered shared/_sections_sidebar.html.erb (0.3ms)
  Rendered shared/_gear_dropdown.html.erb (0.6ms)
  Rendered shared/_main_nav.html.erb (6.6ms)
  Rendered shared/_masthead.html.erb (0.9ms)
  Rendered shared/_sections_nav.html.erb (0.4ms)
  Rendered shared/_search_modal.html.erb (0.3ms)
  Rendered shared/_main_content.html.erb (0.4ms)
  Rendered static_pages/index.html.erb within layouts/application (21.4ms)
Completed 200 OK in 403ms (Views: 398.8ms | ActiveRecord: 0.0ms)


Started GET "/assets/AA_Times_Logo.png" for ::1 at 2018-09-17 15:19:37 -0700
Started GET "/" for ::1 at 2018-09-17 16:08:32 -0700
DEPRECATION WARNING: ActiveRecord::Base.raise_in_transactional_callbacks= is deprecated, has no effect and will be removed without replacement. (called from block (3 levels) in <class:Railtie> at /usr/local/var/rbenv/versions/2.5.0/lib/ruby/gems/2.5.0/gems/activerecord-5.0.7/lib/active_record/railtie.rb:113)
Processing by StaticPagesController#index as HTML
  Rendering static_pages/index.html.erb within layouts/application
  Rendered shared/_sections_sidebar.html.erb (0.2ms)
  Rendered shared/_gear_dropdown.html.erb (0.2ms)
  Rendered shared/_main_nav.html.erb (5.5ms)
  Rendered shared/_masthead.html.erb (0.5ms)
  Rendered shared/_sections_nav.html.erb (0.3ms)
  Rendered shared/_search_modal.html.erb (0.2ms)
  Rendered shared/_main_content.html.erb (0.2ms)
  Rendered static_pages/index.html.erb within layouts/application (30.3ms)
Completed 200 OK in 701ms (Views: 698.1ms | ActiveRecord: 0.0ms)


Started GET "/assets/jquery_ujs.self-784a997f6726036b1993eb2217c9cb558e1cbb801c6da88105588c56f13b466a.js?body=1" for ::1 at 2018-09-17 16:08:33 -0700
Started GET "/assets/jquery.self-bd7ddd393353a8d2480a622e80342adf488fb6006d667e8b42e4c0073393abee.js?body=1" for ::1 at 2018-09-17 16:08:33 -0700
Started GET "/assets/application.self-29ef7fd49951618a0f73834b3964edc0b4c707f2626ccca276f50a4aa9512bec.css?body=1" for ::1 at 2018-09-17 16:08:33 -0700
Started GET "/assets/components/modal.self-52188644dbb47def5ee35ae02e69eb567ca9b664472357a8a5789dd39032a265.js?body=1" for ::1 at 2018-09-17 16:08:33 -0700
Started GET "/assets/components/dropdown.self-815016af6fab1d5b72abd319213bf62f0c42bab2c585d2e059543ae704a0d74c.js?body=1" for ::1 at 2018-09-17 16:08:33 -0700
Started GET "/assets/components/sidebar.self-2a1277f850a6fa21e1a974ef5152f177ac05516477d5081d593bb137b3d6808b.js?body=1" for ::1 at 2018-09-17 16:08:33 -0700
Started GET "/assets/application.self-f571b9db02bf4ed04c38a6a29072ac382f7d4f47db1fab9817aeadb0d8665235.js?body=1" for ::1 at 2018-09-17 16:08:33 -0700
Started GET "/assets/AA_Times_Logo.png" for ::1 at 2018-09-17 16:08:33 -0700
Started GET "/" for ::1 at 2018-09-17 16:12:48 -0700
Processing by StaticPagesController#index as HTML
  Rendering static_pages/index.html.erb within layouts/application
  Rendered shared/_sections_sidebar.html.erb (0.6ms)
  Rendered shared/_gear_dropdown.html.erb (0.3ms)
  Rendered shared/_main_nav.html.erb (6.3ms)
  Rendered shared/_masthead.html.erb (0.4ms)
  Rendered shared/_sections_nav.html.erb (0.4ms)
  Rendered shared/_search_modal.html.erb (0.2ms)
  Rendered shared/_main_content.html.erb (0.3ms)
  Rendered static_pages/index.html.erb within layouts/application (18.9ms)
Completed 200 OK in 108ms (Views: 94.0ms | ActiveRecord: 0.0ms)


Started GET "/assets/AA_Times_Logo.png" for ::1 at 2018-09-17 16:12:48 -0700
Started GET "/" for ::1 at 2018-09-17 16:12:55 -0700
Processing by StaticPagesController#index as HTML
  Rendering static_pages/index.html.erb within layouts/application
  Rendered shared/_sections_sidebar.html.erb (0.5ms)
  Rendered shared/_gear_dropdown.html.erb (0.4ms)
  Rendered shared/_main_nav.html.erb (7.6ms)
  Rendered shared/_masthead.html.erb (1.0ms)
  Rendered shared/_sections_nav.html.erb (0.5ms)
  Rendered shared/_search_modal.html.erb (0.5ms)
  Rendered shared/_main_content.html.erb (0.3ms)
  Rendered static_pages/index.html.erb within layouts/application (23.1ms)
Completed 200 OK in 52ms (Views: 49.2ms | ActiveRecord: 0.0ms)


Started GET "/assets/AA_Times_Logo.png" for ::1 at 2018-09-17 16:12:56 -0700
Started GET "/" for ::1 at 2018-09-17 16:14:19 -0700
Processing by StaticPagesController#index as HTML
  Rendering static_pages/index.html.erb within layouts/application
  Rendered shared/_sections_sidebar.html.erb (0.5ms)
  Rendered shared/_gear_dropdown.html.erb (0.4ms)
  Rendered shared/_main_nav.html.erb (6.3ms)
  Rendered shared/_masthead.html.erb (0.3ms)
  Rendered shared/_sections_nav.html.erb (0.8ms)
  Rendered shared/_search_modal.html.erb (0.3ms)
  Rendered shared/_main_content.html.erb (0.3ms)
  Rendered static_pages/index.html.erb within layouts/application (20.0ms)
Completed 200 OK in 270ms (Views: 252.9ms | ActiveRecord: 0.0ms)


Started GET "/assets/application.self-e15fb37f784fd9911a653e8bd54911a19a59a94573acfddaac9fcabd6c332dba.css?body=1" for ::1 at 2018-09-17 16:14:19 -0700
Started GET "/assets/AA_Times_Logo.png" for ::1 at 2018-09-17 16:14:19 -0700
Started GET "/" for ::1 at 2018-09-17 16:14:39 -0700
Processing by StaticPagesController#index as HTML
  Rendering static_pages/index.html.erb within layouts/application
  Rendered shared/_sections_sidebar.html.erb (0.3ms)
  Rendered shared/_gear_dropdown.html.erb (0.7ms)
  Rendered shared/_main_nav.html.erb (6.3ms)
  Rendered shared/_masthead.html.erb (0.5ms)
  Rendered shared/_sections_nav.html.erb (0.4ms)
  Rendered shared/_search_modal.html.erb (0.4ms)
  Rendered shared/_main_content.html.erb (0.3ms)
  Rendered static_pages/index.html.erb within layouts/application (26.0ms)
Completed 200 OK in 222ms (Views: 219.8ms | ActiveRecord: 0.0ms)


Started GET "/assets/AA_Times_Logo.png" for ::1 at 2018-09-17 16:14:39 -0700
Started GET "/assets/application.self-e3fbfcf044f6f002dce0213f1d5688754ea83e6bbf5eae161d48bc51551c0b30.css?body=1" for ::1 at 2018-09-17 16:14:39 -0700
Started GET "/" for ::1 at 2018-09-17 16:14:49 -0700
Processing by StaticPagesController#index as HTML
  Rendering static_pages/index.html.erb within layouts/application
  Rendered shared/_sections_sidebar.html.erb (0.7ms)
  Rendered shared/_gear_dropdown.html.erb (0.4ms)
  Rendered shared/_main_nav.html.erb (7.4ms)
  Rendered shared/_masthead.html.erb (0.4ms)
  Rendered shared/_sections_nav.html.erb (0.4ms)
  Rendered shared/_search_modal.html.erb (0.5ms)
  Rendered shared/_main_content.html.erb (0.5ms)
  Rendered static_pages/index.html.erb within layouts/application (23.3ms)
Completed 200 OK in 168ms (Views: 165.9ms | ActiveRecord: 0.0ms)


Started GET "/assets/AA_Times_Logo.png" for ::1 at 2018-09-17 16:14:49 -0700
Started GET "/assets/application.self-0bd7a222925ee43ae28d02c1bed0eda6a2b470625ff3f0342a8cf6cfc5f7d0cd.css?body=1" for ::1 at 2018-09-17 16:14:49 -0700
Started GET "/" for ::1 at 2018-09-17 16:15:03 -0700
Processing by StaticPagesController#index as HTML
  Rendering static_pages/index.html.erb within layouts/application
  Rendered shared/_sections_sidebar.html.erb (0.4ms)
  Rendered shared/_gear_dropdown.html.erb (0.3ms)
  Rendered shared/_main_nav.html.erb (4.9ms)
  Rendered shared/_masthead.html.erb (0.3ms)
  Rendered shared/_sections_nav.html.erb (0.5ms)
  Rendered shared/_search_modal.html.erb (0.3ms)
  Rendered shared/_main_content.html.erb (0.2ms)
  Rendered static_pages/index.html.erb within layouts/application (17.4ms)
Completed 200 OK in 201ms (Views: 197.9ms | ActiveRecord: 0.0ms)


Started GET "/assets/application.self-ce38afcce33e9fcecfcf13b20350a94135341847fd13b3830b5abf22f6a4d0d8.css?body=1" for ::1 at 2018-09-17 16:15:03 -0700
Started GET "/assets/AA_Times_Logo.png" for ::1 at 2018-09-17 16:15:03 -0700
Started GET "/" for ::1 at 2018-09-17 16:15:05 -0700
Processing by StaticPagesController#index as HTML
  Rendering static_pages/index.html.erb within layouts/application
  Rendered shared/_sections_sidebar.html.erb (0.4ms)
  Rendered shared/_gear_dropdown.html.erb (0.4ms)
  Rendered shared/_main_nav.html.erb (6.6ms)
  Rendered shared/_masthead.html.erb (0.4ms)
  Rendered shared/_sections_nav.html.erb (0.5ms)
  Rendered shared/_search_modal.html.erb (0.4ms)
  Rendered shared/_main_content.html.erb (0.2ms)
  Rendered static_pages/index.html.erb within layouts/application (21.0ms)
Completed 200 OK in 46ms (Views: 43.3ms | ActiveRecord: 0.0ms)


Started GET "/assets/AA_Times_Logo.png" for ::1 at 2018-09-17 16:15:05 -0700
Started GET "/" for ::1 at 2018-09-17 16:16:56 -0700
Processing by StaticPagesController#index as HTML
  Rendering static_pages/index.html.erb within layouts/application
  Rendered shared/_sections_sidebar.html.erb (0.6ms)
  Rendered shared/_gear_dropdown.html.erb (0.4ms)
  Rendered shared/_main_nav.html.erb (7.8ms)
  Rendered shared/_masthead.html.erb (0.6ms)
  Rendered shared/_sections_nav.html.erb (0.4ms)
  Rendered shared/_search_modal.html.erb (0.7ms)
  Rendered shared/_main_content.html.erb (0.4ms)
  Rendered static_pages/index.html.erb within layouts/application (25.9ms)
Completed 200 OK in 308ms (Views: 292.7ms | ActiveRecord: 0.0ms)


Started GET "/assets/application.self-47813026bafd4d1295f46a619935b582a62841fcf8f6aa0e9ce41b98dab0d3b2.css?body=1" for ::1 at 2018-09-17 16:16:56 -0700
Started GET "/assets/AA_Times_Logo.png" for ::1 at 2018-09-17 16:16:56 -0700
Started GET "/" for ::1 at 2018-09-17 16:21:09 -0700
Processing by StaticPagesController#index as HTML
  Rendering static_pages/index.html.erb within layouts/application
  Rendered shared/_sections_sidebar.html.erb (0.7ms)
  Rendered shared/_gear_dropdown.html.erb (0.6ms)
  Rendered shared/_main_nav.html.erb (9.9ms)
  Rendered shared/_masthead.html.erb (0.8ms)
  Rendered shared/_sections_nav.html.erb (0.6ms)
  Rendered shared/_search_modal.html.erb (0.6ms)
  Rendered shared/_main_content.html.erb (0.7ms)
  Rendered static_pages/index.html.erb within layouts/application (34.5ms)
Completed 200 OK in 421ms (Views: 398.7ms | ActiveRecord: 0.0ms)


Started GET "/assets/application.self-357d7d2fe0d3e19d003045530f02287aad29779cb1f2da2cfd44016eb3b40531.css?body=1" for ::1 at 2018-09-17 16:21:10 -0700
Started GET "/assets/AA_Times_Logo.png" for ::1 at 2018-09-17 16:21:10 -0700
Started GET "/" for ::1 at 2018-09-17 16:22:44 -0700
Processing by StaticPagesController#index as HTML
  Rendering static_pages/index.html.erb within layouts/application
  Rendered shared/_sections_sidebar.html.erb (0.5ms)
  Rendered shared/_gear_dropdown.html.erb (1.0ms)
  Rendered shared/_main_nav.html.erb (8.6ms)
  Rendered shared/_masthead.html.erb (0.7ms)
  Rendered shared/_sections_nav.html.erb (0.4ms)
  Rendered shared/_search_modal.html.erb (0.2ms)
  Rendered shared/_main_content.html.erb (0.4ms)
  Rendered static_pages/index.html.erb within layouts/application (24.7ms)
Completed 200 OK in 58ms (Views: 56.1ms | ActiveRecord: 0.0ms)


Started GET "/assets/AA_Times_Logo.png" for ::1 at 2018-09-17 16:22:44 -0700
Started GET "/" for ::1 at 2018-09-17 16:23:12 -0700
Processing by StaticPagesController#index as HTML
  Rendering static_pages/index.html.erb within layouts/application
  Rendered shared/_sections_sidebar.html.erb (0.4ms)
  Rendered shared/_gear_dropdown.html.erb (0.8ms)
  Rendered shared/_main_nav.html.erb (7.5ms)
  Rendered shared/_masthead.html.erb (0.4ms)
  Rendered shared/_sections_nav.html.erb (0.7ms)
  Rendered shared/_search_modal.html.erb (0.4ms)
  Rendered shared/_main_content.html.erb (0.3ms)
  Rendered static_pages/index.html.erb within layouts/application (22.3ms)
Completed 200 OK in 167ms (Views: 165.0ms | ActiveRecord: 0.0ms)


Started GET "/assets/application.self-a91fb572dbda3f057936c4940ecebdf674c19351f87e6b64d85b18185f0bb077.css?body=1" for ::1 at 2018-09-17 16:23:12 -0700
Started GET "/assets/AA_Times_Logo.png" for ::1 at 2018-09-17 16:23:12 -0700
Started GET "/" for ::1 at 2018-09-17 16:23:20 -0700
Processing by StaticPagesController#index as HTML
  Rendering static_pages/index.html.erb within layouts/application
  Rendered shared/_sections_sidebar.html.erb (0.4ms)
  Rendered shared/_gear_dropdown.html.erb (0.6ms)
  Rendered shared/_main_nav.html.erb (8.3ms)
  Rendered shared/_masthead.html.erb (0.4ms)
  Rendered shared/_sections_nav.html.erb (0.4ms)
  Rendered shared/_search_modal.html.erb (0.2ms)
  Rendered shared/_main_content.html.erb (0.2ms)
  Rendered static_pages/index.html.erb within layouts/application (21.4ms)
Completed 200 OK in 191ms (Views: 186.7ms | ActiveRecord: 0.0ms)


Started GET "/assets/application.self-e70d231e780ca44530d3cbf3fa745d0b9b8ac9b54231ad5203ed6b12aba485e2.css?body=1" for ::1 at 2018-09-17 16:23:21 -0700
Started GET "/assets/AA_Times_Logo.png" for ::1 at 2018-09-17 16:23:21 -0700
Started GET "/" for ::1 at 2018-09-17 16:23:27 -0700
Processing by StaticPagesController#index as HTML
  Rendering static_pages/index.html.erb within layouts/application
  Rendered shared/_sections_sidebar.html.erb (0.6ms)
  Rendered shared/_gear_dropdown.html.erb (0.3ms)
  Rendered shared/_main_nav.html.erb (6.6ms)
  Rendered shared/_masthead.html.erb (0.3ms)
  Rendered shared/_sections_nav.html.erb (0.2ms)
  Rendered shared/_search_modal.html.erb (0.2ms)
  Rendered shared/_main_content.html.erb (0.2ms)
  Rendered static_pages/index.html.erb within layouts/application (17.7ms)
Completed 200 OK in 147ms (Views: 144.1ms | ActiveRecord: 0.0ms)


Started GET "/assets/application.self-56314ba7ba730fdbe83ed980815f106ec76a7fe3361adc65034232668ad5a0f1.css?body=1" for ::1 at 2018-09-17 16:23:28 -0700
Started GET "/assets/AA_Times_Logo.png" for ::1 at 2018-09-17 16:23:28 -0700
Started GET "/" for ::1 at 2018-09-17 16:23:37 -0700
Processing by StaticPagesController#index as HTML
  Rendering static_pages/index.html.erb within layouts/application
  Rendered shared/_sections_sidebar.html.erb (0.4ms)
  Rendered shared/_gear_dropdown.html.erb (0.5ms)
  Rendered shared/_main_nav.html.erb (6.5ms)
  Rendered shared/_masthead.html.erb (0.6ms)
  Rendered shared/_sections_nav.html.erb (0.3ms)
  Rendered shared/_search_modal.html.erb (0.5ms)
  Rendered shared/_main_content.html.erb (0.4ms)
  Rendered static_pages/index.html.erb within layouts/application (23.8ms)
Completed 200 OK in 58ms (Views: 53.5ms | ActiveRecord: 0.0ms)


Started GET "/assets/AA_Times_Logo.png" for ::1 at 2018-09-17 16:23:37 -0700
Started GET "/" for ::1 at 2018-09-17 16:23:37 -0700
Processing by StaticPagesController#index as HTML
  Rendering static_pages/index.html.erb within layouts/application
  Rendered shared/_sections_sidebar.html.erb (0.6ms)
  Rendered shared/_gear_dropdown.html.erb (0.4ms)
  Rendered shared/_main_nav.html.erb (7.3ms)
  Rendered shared/_masthead.html.erb (0.4ms)
  Rendered shared/_sections_nav.html.erb (0.4ms)
  Rendered shared/_search_modal.html.erb (0.3ms)
  Rendered shared/_main_content.html.erb (0.2ms)
  Rendered static_pages/index.html.erb within layouts/application (21.5ms)
Completed 200 OK in 44ms (Views: 42.1ms | ActiveRecord: 0.0ms)


Started GET "/assets/AA_Times_Logo.png" for ::1 at 2018-09-17 16:23:37 -0700
Started GET "/" for ::1 at 2018-09-17 16:23:55 -0700
Processing by StaticPagesController#index as HTML
  Rendering static_pages/index.html.erb within layouts/application
  Rendered shared/_sections_sidebar.html.erb (0.5ms)
  Rendered shared/_gear_dropdown.html.erb (0.5ms)
  Rendered shared/_main_nav.html.erb (7.1ms)
  Rendered shared/_masthead.html.erb (0.4ms)
  Rendered shared/_sections_nav.html.erb (0.3ms)
  Rendered shared/_search_modal.html.erb (0.2ms)
  Rendered shared/_main_content.html.erb (0.2ms)
  Rendered static_pages/index.html.erb within layouts/application (18.9ms)
Completed 200 OK in 147ms (Views: 144.2ms | ActiveRecord: 0.0ms)


Started GET "/assets/application.self-8d318750051950484edd5c3e6d9a39dd80388e109cbdcebd897cc526d7473af6.css?body=1" for ::1 at 2018-09-17 16:23:55 -0700
Started GET "/assets/AA_Times_Logo.png" for ::1 at 2018-09-17 16:23:55 -0700
Started GET "/" for ::1 at 2018-09-17 16:32:17 -0700
Processing by StaticPagesController#index as HTML
  Rendering static_pages/index.html.erb within layouts/application
  Rendered shared/_sections_sidebar.html.erb (0.3ms)
  Rendered shared/_gear_dropdown.html.erb (0.3ms)
  Rendered shared/_main_nav.html.erb (5.9ms)
  Rendered shared/_masthead.html.erb (0.3ms)
  Rendered shared/_sections_nav.html.erb (0.4ms)
  Rendered shared/_search_modal.html.erb (0.5ms)
  Rendered shared/_main_content.html.erb (0.4ms)
  Rendered static_pages/index.html.erb within layouts/application (19.7ms)
Completed 200 OK in 143ms (Views: 140.1ms | ActiveRecord: 0.0ms)


Started GET "/assets/application.self-8d318750051950484edd5c3e6d9a39dd80388e109cbdcebd897cc526d7473af6.css?body=1" for ::1 at 2018-09-17 16:32:17 -0700
Started GET "/assets/AA_Times_Logo.png" for ::1 at 2018-09-17 16:32:17 -0700
Started GET "/" for ::1 at 2018-09-17 16:32:30 -0700
Processing by StaticPagesController#index as HTML
  Rendering static_pages/index.html.erb within layouts/application
  Rendered shared/_sections_sidebar.html.erb (0.4ms)
  Rendered shared/_gear_dropdown.html.erb (0.4ms)
  Rendered shared/_main_nav.html.erb (7.3ms)
  Rendered shared/_masthead.html.erb (0.4ms)
  Rendered shared/_sections_nav.html.erb (0.4ms)
  Rendered shared/_search_modal.html.erb (0.3ms)
  Rendered shared/_main_content.html.erb (0.2ms)
  Rendered static_pages/index.html.erb within layouts/application (22.2ms)
Completed 200 OK in 45ms (Views: 42.2ms | ActiveRecord: 0.0ms)


Started GET "/assets/application.self-357d7d2fe0d3e19d003045530f02287aad29779cb1f2da2cfd44016eb3b40531.css?body=1" for ::1 at 2018-09-17 16:32:30 -0700
Started GET "/assets/AA_Times_Logo.png" for ::1 at 2018-09-17 16:32:30 -0700
Started GET "/" for ::1 at 2018-09-17 16:40:43 -0700
Processing by StaticPagesController#index as HTML
  Rendering static_pages/index.html.erb within layouts/application
  Rendered shared/_sections_sidebar.html.erb (0.2ms)
  Rendered shared/_gear_dropdown.html.erb (0.3ms)
  Rendered shared/_main_nav.html.erb (5.3ms)
  Rendered shared/_masthead.html.erb (0.5ms)
  Rendered shared/_sections_nav.html.erb (0.2ms)
  Rendered shared/_search_modal.html.erb (0.4ms)
  Rendered shared/_main_content.html.erb (0.7ms)
  Rendered static_pages/index.html.erb within layouts/application (20.2ms)
Completed 200 OK in 104ms (Views: 86.9ms | ActiveRecord: 0.0ms)


Started GET "/assets/AA_Times_Logo.png" for ::1 at 2018-09-17 16:40:44 -0700
Started GET "/assets/new_office.jpg" for ::1 at 2018-09-17 16:40:44 -0700
Started GET "/" for ::1 at 2018-09-17 16:45:11 -0700
Processing by StaticPagesController#index as HTML
  Rendering static_pages/index.html.erb within layouts/application
  Rendered shared/_sections_sidebar.html.erb (0.3ms)
  Rendered shared/_gear_dropdown.html.erb (0.3ms)
  Rendered shared/_main_nav.html.erb (11.3ms)
  Rendered shared/_masthead.html.erb (0.6ms)
  Rendered shared/_sections_nav.html.erb (0.5ms)
  Rendered shared/_search_modal.html.erb (0.2ms)
  Rendered shared/_main_content.html.erb (0.5ms)
  Rendered static_pages/index.html.erb within layouts/application (26.4ms)
Completed 200 OK in 98ms (Views: 81.7ms | ActiveRecord: 0.0ms)


Started GET "/assets/AA_Times_Logo.png" for ::1 at 2018-09-17 16:45:12 -0700
Started GET "/assets/new_office.jpg" for ::1 at 2018-09-17 16:45:12 -0700
Started GET "/" for ::1 at 2018-09-17 16:47:19 -0700
Processing by StaticPagesController#index as HTML
  Rendering static_pages/index.html.erb within layouts/application
  Rendered shared/_sections_sidebar.html.erb (0.7ms)
  Rendered shared/_gear_dropdown.html.erb (0.3ms)
  Rendered shared/_main_nav.html.erb (6.3ms)
  Rendered shared/_masthead.html.erb (0.3ms)
  Rendered shared/_sections_nav.html.erb (0.4ms)
  Rendered shared/_search_modal.html.erb (0.5ms)
  Rendered shared/_main_content.html.erb (0.6ms)
  Rendered static_pages/index.html.erb within layouts/application (19.5ms)
Completed 200 OK in 291ms (Views: 275.9ms | ActiveRecord: 0.0ms)


Started GET "/assets/new_office.jpg" for ::1 at 2018-09-17 16:47:20 -0700
Started GET "/assets/application.self-f141ef8691304a994f8e15cb6d212c40d4c6d0c570f251a3715af2bf3d672a33.css?body=1" for ::1 at 2018-09-17 16:47:20 -0700
Started GET "/assets/AA_Times_Logo.png" for ::1 at 2018-09-17 16:47:20 -0700
Started GET "/" for ::1 at 2018-09-17 16:48:19 -0700
Processing by StaticPagesController#index as HTML
  Rendering static_pages/index.html.erb within layouts/application
  Rendered shared/_sections_sidebar.html.erb (0.4ms)
  Rendered shared/_gear_dropdown.html.erb (0.4ms)
  Rendered shared/_main_nav.html.erb (8.2ms)
  Rendered shared/_masthead.html.erb (0.4ms)
  Rendered shared/_sections_nav.html.erb (0.4ms)
  Rendered shared/_search_modal.html.erb (0.4ms)
  Rendered shared/_main_content.html.erb (0.6ms)
  Rendered static_pages/index.html.erb within layouts/application (27.8ms)
Completed 200 OK in 187ms (Views: 184.1ms | ActiveRecord: 0.0ms)


Started GET "/assets/AA_Times_Logo.png" for ::1 at 2018-09-17 16:48:19 -0700
Started GET "/assets/application.self-77f4065bdc6e9ea0821024d6fb9b4c5a57d0dd2b162ae973c91736120afa0c34.css?body=1" for ::1 at 2018-09-17 16:48:19 -0700
Started GET "/assets/new_office.jpg" for ::1 at 2018-09-17 16:48:19 -0700
Started GET "/" for ::1 at 2018-09-17 16:48:22 -0700
Processing by StaticPagesController#index as HTML
  Rendering static_pages/index.html.erb within layouts/application
  Rendered shared/_sections_sidebar.html.erb (0.4ms)
  Rendered shared/_gear_dropdown.html.erb (0.4ms)
  Rendered shared/_main_nav.html.erb (6.2ms)
  Rendered shared/_masthead.html.erb (0.6ms)
  Rendered shared/_sections_nav.html.erb (0.7ms)
  Rendered shared/_search_modal.html.erb (0.3ms)
  Rendered shared/_main_content.html.erb (0.7ms)
  Rendered static_pages/index.html.erb within layouts/application (21.6ms)
Completed 200 OK in 48ms (Views: 45.4ms | ActiveRecord: 0.0ms)


Started GET "/assets/AA_Times_Logo.png" for ::1 at 2018-09-17 16:48:22 -0700
Started GET "/assets/new_office.jpg" for ::1 at 2018-09-17 16:48:22 -0700
Started GET "/" for ::1 at 2018-09-17 16:51:26 -0700
Processing by StaticPagesController#index as HTML
  Rendering static_pages/index.html.erb within layouts/application
  Rendered shared/_sections_sidebar.html.erb (0.8ms)
  Rendered shared/_gear_dropdown.html.erb (0.7ms)
  Rendered shared/_main_nav.html.erb (9.6ms)
  Rendered shared/_masthead.html.erb (0.8ms)
  Rendered shared/_sections_nav.html.erb (0.5ms)
  Rendered shared/_search_modal.html.erb (0.3ms)
  Rendered shared/_main_content.html.erb (0.9ms)
  Rendered static_pages/index.html.erb within layouts/application (27.6ms)
Completed 200 OK in 827ms (Views: 779.8ms | ActiveRecord: 0.0ms)


Started GET "/assets/application.self-9169b0f7927bacd4abec1037d5383bcb3c48f81b06f191cd5bf66e54c7b80ecd.css?body=1" for ::1 at 2018-09-17 16:51:27 -0700
Started GET "/assets/new_office.jpg" for ::1 at 2018-09-17 16:51:27 -0700
Started GET "/assets/AA_Times_Logo.png" for ::1 at 2018-09-17 16:51:27 -0700
